{"numFailedTestSuites":11,"numFailedTests":45,"numPassedTestSuites":8,"numPassedTests":120,"numPendingTestSuites":0,"numPendingTests":0,"numRuntimeErrorTestSuites":4,"numTodoTests":0,"numTotalTestSuites":19,"numTotalTests":165,"openHandles":[],"snapshot":{"added":0,"didUpdate":false,"failure":false,"filesAdded":0,"filesRemoved":0,"filesRemovedList":[],"filesUnmatched":0,"filesUpdated":0,"matched":0,"total":0,"unchecked":0,"uncheckedKeysByFile":[],"unmatched":0,"updated":0},"startTime":1770078046236,"success":false,"testResults":[{"assertionResults":[{"ancestorTitles":["Integration Tests - Complete Workflow","Complete Object Lifecycle"],"duration":47,"failureDetails":[],"failureMessages":[],"fullName":"Integration Tests - Complete Workflow Complete Object Lifecycle should handle full create, select, modify, delete workflow","invocations":1,"location":null,"numPassingAsserts":9,"retryReasons":[],"status":"passed","title":"should handle full create, select, modify, delete workflow"},{"ancestorTitles":["Integration Tests - Complete Workflow","Complete Object Lifecycle"],"duration":13,"failureDetails":[],"failureMessages":[],"fullName":"Integration Tests - Complete Workflow Complete Object Lifecycle should maintain data consistency across all systems","invocations":1,"location":null,"numPassingAsserts":6,"retryReasons":[],"status":"passed","title":"should maintain data consistency across all systems"},{"ancestorTitles":["Integration Tests - Complete Workflow","Undo/Redo with UI Integration"],"duration":11,"failureDetails":[],"failureMessages":[],"fullName":"Integration Tests - Complete Workflow Undo/Redo with UI Integration should undo object creation and update all UI components","invocations":1,"location":null,"numPassingAsserts":5,"retryReasons":[],"status":"passed","title":"should undo object creation and update all UI components"},{"ancestorTitles":["Integration Tests - Complete Workflow","Undo/Redo with UI Integration"],"duration":19,"failureDetails":[],"failureMessages":[],"fullName":"Integration Tests - Complete Workflow Undo/Redo with UI Integration should redo object creation and restore all states","invocations":1,"location":null,"numPassingAsserts":4,"retryReasons":[],"status":"passed","title":"should redo object creation and restore all states"},{"ancestorTitles":["Integration Tests - Complete Workflow","Undo/Redo with UI Integration"],"duration":34,"failureDetails":[{"matcherResult":{"actual":{"position":{"x":4,"y":0,"z":0},"rotation":{"x":4,"y":0,"z":0},"scale":{"x":1,"y":1,"z":1},"material":{"color":{"r":1,"g":0,"b":0},"emissive":{"r":1,"g":0,"b":0}},"geometry":{"type":"BoxGeometry","parameters":{"width":1,"height":1,"depth":1}},"name":"Box_1","visible":true,"uuid":"box-uuid-1234567890","userData":{"geometryParams":{"width":1,"height":1,"depth":1}},"castShadow":false,"receiveShadow":false},"expected":{"position":{"x":4,"y":0,"z":0},"rotation":{"x":4,"y":0,"z":0},"scale":{"x":1,"y":1,"z":1},"material":{"color":{"r":1,"g":0,"b":0},"emissive":{"r":1,"g":0,"b":0}},"geometry":{"type":"BoxGeometry","parameters":{"width":1,"height":1,"depth":1}},"name":"Box_1","visible":true,"uuid":"box-uuid-1234567890","userData":{"geometryParams":{"width":1,"height":1,"depth":1}},"castShadow":true,"receiveShadow":true},"message":"expect(received).toBe(expected) // Object.is equality\n\n- Expected  - 2\n+ Received  + 2\n\n@@ -1,7 +1,7 @@\n  Object {\n-   \"castShadow\": true,\n+   \"castShadow\": false,\n    \"geometry\": Object {\n      \"clone\": [Function mockConstructor],\n      \"dispose\": [Function mockConstructor],\n      \"parameters\": Object {\n        \"depth\": 1,\n@@ -39,11 +39,11 @@\n      \"set\": [Function mockConstructor],\n      \"x\": 5,\n      \"y\": 0,\n      \"z\": 0,\n    },\n-   \"receiveShadow\": true,\n+   \"receiveShadow\": false,\n    \"rotation\": Object {\n      \"clone\": [Function mockConstructor],\n      \"copy\": [Function mockConstructor],\n      \"set\": [Function mockConstructor],\n      \"x\": 5,","name":"toBe","pass":false}}],"failureMessages":["Error: expect(received).toBe(expected) // Object.is equality\n\n- Expected  - 2\n+ Received  + 2\n\n@@ -1,7 +1,7 @@\n  Object {\n-   \"castShadow\": true,\n+   \"castShadow\": false,\n    \"geometry\": Object {\n      \"clone\": [Function mockConstructor],\n      \"dispose\": [Function mockConstructor],\n      \"parameters\": Object {\n        \"depth\": 1,\n@@ -39,11 +39,11 @@\n      \"set\": [Function mockConstructor],\n      \"x\": 5,\n      \"y\": 0,\n      \"z\": 0,\n    },\n-   \"receiveShadow\": true,\n+   \"receiveShadow\": false,\n    \"rotation\": Object {\n      \"clone\": [Function mockConstructor],\n      \"copy\": [Function mockConstructor],\n      \"set\": [Function mockConstructor],\n      \"x\": 5,\n    at Object.toBe (/app/tests/Integration.test.js:516:40)\n    at Promise.then.completed (/app/node_modules/.pnpm/jest-circus@29.7.0/node_modules/jest-circus/build/utils.js:298:28)\n    at new Promise (<anonymous>)\n    at callAsyncCircusFn (/app/node_modules/.pnpm/jest-circus@29.7.0/node_modules/jest-circus/build/utils.js:231:10)\n    at _callCircusTest (/app/node_modules/.pnpm/jest-circus@29.7.0/node_modules/jest-circus/build/run.js:316:40)\n    at processTicksAndRejections (node:internal/process/task_queues:105:5)\n    at _runTest (/app/node_modules/.pnpm/jest-circus@29.7.0/node_modules/jest-circus/build/run.js:252:3)\n    at _runTestsForDescribeBlock (/app/node_modules/.pnpm/jest-circus@29.7.0/node_modules/jest-circus/build/run.js:126:9)\n    at _runTestsForDescribeBlock (/app/node_modules/.pnpm/jest-circus@29.7.0/node_modules/jest-circus/build/run.js:121:9)\n    at _runTestsForDescribeBlock (/app/node_modules/.pnpm/jest-circus@29.7.0/node_modules/jest-circus/build/run.js:121:9)\n    at run (/app/node_modules/.pnpm/jest-circus@29.7.0/node_modules/jest-circus/build/run.js:71:3)\n    at runAndTransformResultsToJestFormat (/app/node_modules/.pnpm/jest-circus@29.7.0/node_modules/jest-circus/build/legacy-code-todo-rewrite/jestAdapterInit.js:122:21)\n    at jestAdapter (/app/node_modules/.pnpm/jest-circus@29.7.0/node_modules/jest-circus/build/legacy-code-todo-rewrite/jestAdapter.js:79:19)\n    at runTestInternal (/app/node_modules/.pnpm/jest-runner@29.7.0/node_modules/jest-runner/build/runTest.js:367:16)\n    at runTest (/app/node_modules/.pnpm/jest-runner@29.7.0/node_modules/jest-runner/build/runTest.js:444:34)\n    at Object.worker (/app/node_modules/.pnpm/jest-runner@29.7.0/node_modules/jest-runner/build/testWorker.js:106:12)"],"fullName":"Integration Tests - Complete Workflow Undo/Redo with UI Integration should handle complex undo/redo scenarios with multiple objects","invocations":1,"location":null,"numPassingAsserts":3,"retryReasons":[],"status":"failed","title":"should handle complex undo/redo scenarios with multiple objects"},{"ancestorTitles":["Integration Tests - Complete Workflow","Scene Graph and Property Panel Integration"],"duration":12,"failureDetails":[],"failureMessages":[],"fullName":"Integration Tests - Complete Workflow Scene Graph and Property Panel Integration should update property panel when object is selected from scene graph","invocations":1,"location":null,"numPassingAsserts":5,"retryReasons":[],"status":"passed","title":"should update property panel when object is selected from scene graph"},{"ancestorTitles":["Integration Tests - Complete Workflow","Scene Graph and Property Panel Integration"],"duration":28,"failureDetails":[],"failureMessages":[],"fullName":"Integration Tests - Complete Workflow Scene Graph and Property Panel Integration should clear property panel when object is deleted from scene graph","invocations":1,"location":null,"numPassingAsserts":5,"retryReasons":[],"status":"passed","title":"should clear property panel when object is deleted from scene graph"},{"ancestorTitles":["Integration Tests - Complete Workflow","Scene Graph and Property Panel Integration"],"duration":37,"failureDetails":[],"failureMessages":[],"fullName":"Integration Tests - Complete Workflow Scene Graph and Property Panel Integration should update scene graph when objects are added or removed","invocations":1,"location":null,"numPassingAsserts":3,"retryReasons":[],"status":"passed","title":"should update scene graph when objects are added or removed"},{"ancestorTitles":["Integration Tests - Complete Workflow","Object Duplication Workflow"],"duration":19,"failureDetails":[],"failureMessages":[],"fullName":"Integration Tests - Complete Workflow Object Duplication Workflow should duplicate object with all properties and integrate with all systems","invocations":1,"location":null,"numPassingAsserts":8,"retryReasons":[],"status":"passed","title":"should duplicate object with all properties and integrate with all systems"},{"ancestorTitles":["Integration Tests - Complete Workflow","Object Duplication Workflow"],"duration":9,"failureDetails":[],"failureMessages":[],"fullName":"Integration Tests - Complete Workflow Object Duplication Workflow should handle duplication when no object is selected","invocations":1,"location":null,"numPassingAsserts":2,"retryReasons":[],"status":"passed","title":"should handle duplication when no object is selected"},{"ancestorTitles":["Integration Tests - Complete Workflow","Multi-Object Selection and Management"],"duration":11,"failureDetails":[],"failureMessages":[],"fullName":"Integration Tests - Complete Workflow Multi-Object Selection and Management should handle selection changes between multiple objects","invocations":1,"location":null,"numPassingAsserts":5,"retryReasons":[],"status":"passed","title":"should handle selection changes between multiple objects"},{"ancestorTitles":["Integration Tests - Complete Workflow","Multi-Object Selection and Management"],"duration":13,"failureDetails":[{"matcherResult":{"actual":{"position":{"x":4,"y":0,"z":0},"rotation":{"x":4,"y":0,"z":0},"scale":{"x":1,"y":1,"z":1},"material":{"color":{"r":1,"g":0,"b":0},"emissive":{"r":1,"g":0,"b":0}},"geometry":{"type":"BoxGeometry","parameters":{"width":1,"height":1,"depth":1}},"name":"Box_1","visible":true,"uuid":"box-uuid-1234567890","userData":{"geometryParams":{"width":1,"height":1,"depth":1}},"castShadow":false,"receiveShadow":false},"expected":{"position":{"x":4,"y":0,"z":0},"rotation":{"x":4,"y":0,"z":0},"scale":{"x":1,"y":1,"z":1},"material":{"color":{"r":1,"g":0,"b":0},"emissive":{"r":1,"g":0,"b":0}},"geometry":{"type":"BoxGeometry","parameters":{"width":1,"height":1,"depth":1}},"name":"Box_1","visible":true,"uuid":"box-uuid-1234567890","userData":{"geometryParams":{"width":1,"height":1,"depth":1}},"castShadow":true,"receiveShadow":true},"message":"expect(received).toBe(expected) // Object.is equality\n\n- Expected  - 2\n+ Received  + 2\n\n@@ -1,7 +1,7 @@\n  Object {\n-   \"castShadow\": true,\n+   \"castShadow\": false,\n    \"geometry\": Object {\n      \"clone\": [Function mockConstructor],\n      \"dispose\": [Function mockConstructor],\n      \"parameters\": Object {\n        \"depth\": 1,\n@@ -39,11 +39,11 @@\n      \"set\": [Function mockConstructor],\n      \"x\": 4,\n      \"y\": 0,\n      \"z\": 0,\n    },\n-   \"receiveShadow\": true,\n+   \"receiveShadow\": false,\n    \"rotation\": Object {\n      \"clone\": [Function mockConstructor],\n      \"copy\": [Function mockConstructor],\n      \"set\": [Function mockConstructor],\n      \"x\": 4,","name":"toBe","pass":false}}],"failureMessages":["Error: expect(received).toBe(expected) // Object.is equality\n\n- Expected  - 2\n+ Received  + 2\n\n@@ -1,7 +1,7 @@\n  Object {\n-   \"castShadow\": true,\n+   \"castShadow\": false,\n    \"geometry\": Object {\n      \"clone\": [Function mockConstructor],\n      \"dispose\": [Function mockConstructor],\n      \"parameters\": Object {\n        \"depth\": 1,\n@@ -39,11 +39,11 @@\n      \"set\": [Function mockConstructor],\n      \"x\": 4,\n      \"y\": 0,\n      \"z\": 0,\n    },\n-   \"receiveShadow\": true,\n+   \"receiveShadow\": false,\n    \"rotation\": Object {\n      \"clone\": [Function mockConstructor],\n      \"copy\": [Function mockConstructor],\n      \"set\": [Function mockConstructor],\n      \"x\": 4,\n    at Object.toBe (/app/tests/Integration.test.js:637:40)\n    at Promise.then.completed (/app/node_modules/.pnpm/jest-circus@29.7.0/node_modules/jest-circus/build/utils.js:298:28)\n    at new Promise (<anonymous>)\n    at callAsyncCircusFn (/app/node_modules/.pnpm/jest-circus@29.7.0/node_modules/jest-circus/build/utils.js:231:10)\n    at _callCircusTest (/app/node_modules/.pnpm/jest-circus@29.7.0/node_modules/jest-circus/build/run.js:316:40)\n    at processTicksAndRejections (node:internal/process/task_queues:105:5)\n    at _runTest (/app/node_modules/.pnpm/jest-circus@29.7.0/node_modules/jest-circus/build/run.js:252:3)\n    at _runTestsForDescribeBlock (/app/node_modules/.pnpm/jest-circus@29.7.0/node_modules/jest-circus/build/run.js:126:9)\n    at _runTestsForDescribeBlock (/app/node_modules/.pnpm/jest-circus@29.7.0/node_modules/jest-circus/build/run.js:121:9)\n    at _runTestsForDescribeBlock (/app/node_modules/.pnpm/jest-circus@29.7.0/node_modules/jest-circus/build/run.js:121:9)\n    at run (/app/node_modules/.pnpm/jest-circus@29.7.0/node_modules/jest-circus/build/run.js:71:3)\n    at runAndTransformResultsToJestFormat (/app/node_modules/.pnpm/jest-circus@29.7.0/node_modules/jest-circus/build/legacy-code-todo-rewrite/jestAdapterInit.js:122:21)\n    at jestAdapter (/app/node_modules/.pnpm/jest-circus@29.7.0/node_modules/jest-circus/build/legacy-code-todo-rewrite/jestAdapter.js:79:19)\n    at runTestInternal (/app/node_modules/.pnpm/jest-runner@29.7.0/node_modules/jest-runner/build/runTest.js:367:16)\n    at runTest (/app/node_modules/.pnpm/jest-runner@29.7.0/node_modules/jest-runner/build/runTest.js:444:34)\n    at Object.worker (/app/node_modules/.pnpm/jest-runner@29.7.0/node_modules/jest-runner/build/testWorker.js:106:12)"],"fullName":"Integration Tests - Complete Workflow Multi-Object Selection and Management should maintain correct selection state through undo/redo operations","invocations":1,"location":null,"numPassingAsserts":1,"retryReasons":[],"status":"failed","title":"should maintain correct selection state through undo/redo operations"},{"ancestorTitles":["Integration Tests - Complete Workflow","Error Handling and Edge Cases"],"duration":9,"failureDetails":[],"failureMessages":[],"fullName":"Integration Tests - Complete Workflow Error Handling and Edge Cases should handle deleting non-existent objects gracefully","invocations":1,"location":null,"numPassingAsserts":2,"retryReasons":[],"status":"passed","title":"should handle deleting non-existent objects gracefully"},{"ancestorTitles":["Integration Tests - Complete Workflow","Error Handling and Edge Cases"],"duration":9,"failureDetails":[],"failureMessages":[],"fullName":"Integration Tests - Complete Workflow Error Handling and Edge Cases should handle undo/redo at history boundaries","invocations":1,"location":null,"numPassingAsserts":2,"retryReasons":[],"status":"passed","title":"should handle undo/redo at history boundaries"},{"ancestorTitles":["Integration Tests - Complete Workflow","Error Handling and Edge Cases"],"duration":42,"failureDetails":[],"failureMessages":[],"fullName":"Integration Tests - Complete Workflow Error Handling and Edge Cases should handle property panel updates for objects without properties","invocations":1,"location":null,"numPassingAsserts":1,"retryReasons":[],"status":"passed","title":"should handle property panel updates for objects without properties"},{"ancestorTitles":["Integration Tests - Complete Workflow","Performance and Memory Management"],"duration":18,"failureDetails":[],"failureMessages":[],"fullName":"Integration Tests - Complete Workflow Performance and Memory Management should properly dispose of geometry and materials during undo operations","invocations":1,"location":null,"numPassingAsserts":2,"retryReasons":[],"status":"passed","title":"should properly dispose of geometry and materials during undo operations"},{"ancestorTitles":["Integration Tests - Complete Workflow","Performance and Memory Management"],"duration":20,"failureDetails":[],"failureMessages":[],"fullName":"Integration Tests - Complete Workflow Performance and Memory Management should limit history size to prevent memory leaks","invocations":1,"location":null,"numPassingAsserts":1,"retryReasons":[],"status":"passed","title":"should limit history size to prevent memory leaks"}],"endTime":1770078049874,"message":"  ● Integration Tests - Complete Workflow › Undo/Redo with UI Integration › should handle complex undo/redo scenarios with multiple objects\n\n    expect(received).toBe(expected) // Object.is equality\n\n    - Expected  - 2\n    + Received  + 2\n\n    @@ -1,7 +1,7 @@\n      Object {\n    -   \"castShadow\": true,\n    +   \"castShadow\": false,\n        \"geometry\": Object {\n          \"clone\": [Function mockConstructor],\n          \"dispose\": [Function mockConstructor],\n          \"parameters\": Object {\n            \"depth\": 1,\n    @@ -39,11 +39,11 @@\n          \"set\": [Function mockConstructor],\n          \"x\": 5,\n          \"y\": 0,\n          \"z\": 0,\n        },\n    -   \"receiveShadow\": true,\n    +   \"receiveShadow\": false,\n        \"rotation\": Object {\n          \"clone\": [Function mockConstructor],\n          \"copy\": [Function mockConstructor],\n          \"set\": [Function mockConstructor],\n          \"x\": 5,\n\n      514 |             app.undo();\n      515 |             expect(app.objects.length).toBe(1);\n    > 516 |             expect(app.selectedObject).toBe(box);\n          |                                        ^\n      517 |             \n      518 |             // Undo box creation\n      519 |             app.undo();\n\n      at Object.toBe (tests/Integration.test.js:516:40)\n\n  ● Integration Tests - Complete Workflow › Multi-Object Selection and Management › should maintain correct selection state through undo/redo operations\n\n    expect(received).toBe(expected) // Object.is equality\n\n    - Expected  - 2\n    + Received  + 2\n\n    @@ -1,7 +1,7 @@\n      Object {\n    -   \"castShadow\": true,\n    +   \"castShadow\": false,\n        \"geometry\": Object {\n          \"clone\": [Function mockConstructor],\n          \"dispose\": [Function mockConstructor],\n          \"parameters\": Object {\n            \"depth\": 1,\n    @@ -39,11 +39,11 @@\n          \"set\": [Function mockConstructor],\n          \"x\": 4,\n          \"y\": 0,\n          \"z\": 0,\n        },\n    -   \"receiveShadow\": true,\n    +   \"receiveShadow\": false,\n        \"rotation\": Object {\n          \"clone\": [Function mockConstructor],\n          \"copy\": [Function mockConstructor],\n          \"set\": [Function mockConstructor],\n          \"x\": 4,\n\n      635 |             // Undo sphere creation - should select box\n      636 |             app.undo();\n    > 637 |             expect(app.selectedObject).toBe(box);\n          |                                        ^\n      638 |             \n      639 |             // Undo box creation - should have no selection\n      640 |             app.undo();\n\n      at Object.toBe (tests/Integration.test.js:637:40)\n","name":"/app/tests/Integration.test.js","startTime":1770078046986,"status":"failed","summary":""},{"assertionResults":[],"coverage":{},"endTime":1770078060115,"message":"  ● Test suite failed to run\n\n    Jest encountered an unexpected token\n\n    Jest failed to parse a file. This happens e.g. when your code or its dependencies use non-standard JavaScript syntax, or when Jest is not configured to support such syntax.\n\n    Out of the box Jest supports Babel, which will be used to transform your files into valid JS based on your Babel configuration.\n\n    By default \"node_modules\" folder is ignored by transformers.\n\n    Here's what you can do:\n     • If you are trying to use ECMAScript Modules, see https://jestjs.io/docs/ecmascript-modules for how to enable it.\n     • If you are trying to use TypeScript, see https://jestjs.io/docs/getting-started#using-typescript\n     • To have some of your \"node_modules\" files transformed, you can specify a custom \"transformIgnorePatterns\" in your config.\n     • If you need a custom transformation specify a \"transform\" option in your config.\n     • If you simply want to mock your non-JS modules (e.g. binary assets) you can stub them out with the \"moduleNameMapper\" config option.\n\n    You'll find more details and examples of these config options in the docs:\n    https://jestjs.io/docs/configuration\n    For information about custom transformations, see:\n    https://jestjs.io/docs/code-transformation\n\n    Details:\n\n    /app/node_modules/.pnpm/three@0.164.1/node_modules/three/examples/jsm/geometries/TeapotGeometry.js:1\n    ({\"Object.<anonymous>\":function(module,exports,require,__dirname,__filename,jest){import {\n                                                                                      ^^^^^^\n\n    SyntaxError: Cannot use import statement outside a module\n\n      1 |\n      2 | import * as THREE from 'three';\n    > 3 | import { TeapotGeometry } from 'three/examples/jsm/geometries/TeapotGeometry.js';\n        | ^\n      4 | import { FontLoader } from 'three/examples/jsm/loaders/FontLoader.js';\n      5 | import { TextGeometry } from 'three/examples/jsm/geometries/TextGeometry.js';\n      6 | import { ExtrudeGeometry, LatheGeometry } from 'three';\n\n      at Runtime.createScriptFromCode (node_modules/.pnpm/jest-runtime@29.7.0/node_modules/jest-runtime/build/index.js:1505:14)\n      at Object.require (src/frontend/PrimitiveFactory.js:3:1)\n      at Object.require (tests/SceneStorage.test.js:5:1)\n","name":"/app/tests/SceneStorage.test.js","startTime":1770078060115,"status":"failed","summary":""},{"assertionResults":[{"ancestorTitles":["3D Primitives Functionality","Basic Primitive Creation"],"duration":35,"failureDetails":[],"failureMessages":[],"fullName":"3D Primitives Functionality Basic Primitive Creation should create Box with correct properties","invocations":1,"location":null,"numPassingAsserts":7,"retryReasons":[],"status":"passed","title":"should create Box with correct properties"},{"ancestorTitles":["3D Primitives Functionality","Basic Primitive Creation"],"duration":23,"failureDetails":[],"failureMessages":[],"fullName":"3D Primitives Functionality Basic Primitive Creation should create Sphere with correct properties","invocations":1,"location":null,"numPassingAsserts":7,"retryReasons":[],"status":"passed","title":"should create Sphere with correct properties"},{"ancestorTitles":["3D Primitives Functionality","Basic Primitive Creation"],"duration":14,"failureDetails":[],"failureMessages":[],"fullName":"3D Primitives Functionality Basic Primitive Creation should create Cylinder with correct properties","invocations":1,"location":null,"numPassingAsserts":7,"retryReasons":[],"status":"passed","title":"should create Cylinder with correct properties"},{"ancestorTitles":["3D Primitives Functionality","Basic Primitive Creation"],"duration":36,"failureDetails":[],"failureMessages":[],"fullName":"3D Primitives Functionality Basic Primitive Creation should create Cone with correct properties","invocations":1,"location":null,"numPassingAsserts":7,"retryReasons":[],"status":"passed","title":"should create Cone with correct properties"},{"ancestorTitles":["3D Primitives Functionality","Basic Primitive Creation"],"duration":14,"failureDetails":[],"failureMessages":[],"fullName":"3D Primitives Functionality Basic Primitive Creation should create Torus with correct properties","invocations":1,"location":null,"numPassingAsserts":7,"retryReasons":[],"status":"passed","title":"should create Torus with correct properties"},{"ancestorTitles":["3D Primitives Functionality","Basic Primitive Creation"],"duration":12,"failureDetails":[],"failureMessages":[],"fullName":"3D Primitives Functionality Basic Primitive Creation should create TorusKnot with correct properties","invocations":1,"location":null,"numPassingAsserts":7,"retryReasons":[],"status":"passed","title":"should create TorusKnot with correct properties"},{"ancestorTitles":["3D Primitives Functionality","Basic Primitive Creation"],"duration":25,"failureDetails":[],"failureMessages":[],"fullName":"3D Primitives Functionality Basic Primitive Creation should create Tetrahedron with correct properties","invocations":1,"location":null,"numPassingAsserts":7,"retryReasons":[],"status":"passed","title":"should create Tetrahedron with correct properties"},{"ancestorTitles":["3D Primitives Functionality","Basic Primitive Creation"],"duration":13,"failureDetails":[],"failureMessages":[],"fullName":"3D Primitives Functionality Basic Primitive Creation should create Icosahedron with correct properties","invocations":1,"location":null,"numPassingAsserts":7,"retryReasons":[],"status":"passed","title":"should create Icosahedron with correct properties"},{"ancestorTitles":["3D Primitives Functionality","Basic Primitive Creation"],"duration":15,"failureDetails":[],"failureMessages":[],"fullName":"3D Primitives Functionality Basic Primitive Creation should create Dodecahedron with correct properties","invocations":1,"location":null,"numPassingAsserts":7,"retryReasons":[],"status":"passed","title":"should create Dodecahedron with correct properties"},{"ancestorTitles":["3D Primitives Functionality","Basic Primitive Creation"],"duration":13,"failureDetails":[],"failureMessages":[],"fullName":"3D Primitives Functionality Basic Primitive Creation should create Octahedron with correct properties","invocations":1,"location":null,"numPassingAsserts":7,"retryReasons":[],"status":"passed","title":"should create Octahedron with correct properties"},{"ancestorTitles":["3D Primitives Functionality","Basic Primitive Creation"],"duration":10,"failureDetails":[],"failureMessages":[],"fullName":"3D Primitives Functionality Basic Primitive Creation should create Plane with correct properties","invocations":1,"location":null,"numPassingAsserts":7,"retryReasons":[],"status":"passed","title":"should create Plane with correct properties"},{"ancestorTitles":["3D Primitives Functionality","Basic Primitive Creation"],"duration":24,"failureDetails":[],"failureMessages":[],"fullName":"3D Primitives Functionality Basic Primitive Creation should create Tube with correct properties","invocations":1,"location":null,"numPassingAsserts":7,"retryReasons":[],"status":"passed","title":"should create Tube with correct properties"},{"ancestorTitles":["3D Primitives Functionality","Basic Primitive Creation"],"duration":9,"failureDetails":[],"failureMessages":[],"fullName":"3D Primitives Functionality Basic Primitive Creation should create Teapot as a Group with multiple components","invocations":1,"location":null,"numPassingAsserts":6,"retryReasons":[],"status":"passed","title":"should create Teapot as a Group with multiple components"},{"ancestorTitles":["3D Primitives Functionality","Geometry Parameters"],"duration":7,"failureDetails":[],"failureMessages":[],"fullName":"3D Primitives Functionality Geometry Parameters should create Box with correct dimensions","invocations":1,"location":null,"numPassingAsserts":1,"retryReasons":[],"status":"passed","title":"should create Box with correct dimensions"},{"ancestorTitles":["3D Primitives Functionality","Geometry Parameters"],"duration":7,"failureDetails":[],"failureMessages":[],"fullName":"3D Primitives Functionality Geometry Parameters should create Sphere with correct radius and segments","invocations":1,"location":null,"numPassingAsserts":1,"retryReasons":[],"status":"passed","title":"should create Sphere with correct radius and segments"},{"ancestorTitles":["3D Primitives Functionality","Geometry Parameters"],"duration":8,"failureDetails":[],"failureMessages":[],"fullName":"3D Primitives Functionality Geometry Parameters should create Cylinder with correct parameters","invocations":1,"location":null,"numPassingAsserts":1,"retryReasons":[],"status":"passed","title":"should create Cylinder with correct parameters"},{"ancestorTitles":["3D Primitives Functionality","Geometry Parameters"],"duration":8,"failureDetails":[],"failureMessages":[],"fullName":"3D Primitives Functionality Geometry Parameters should create Cone with correct radius and height","invocations":1,"location":null,"numPassingAsserts":1,"retryReasons":[],"status":"passed","title":"should create Cone with correct radius and height"},{"ancestorTitles":["3D Primitives Functionality","Geometry Parameters"],"duration":8,"failureDetails":[],"failureMessages":[],"fullName":"3D Primitives Functionality Geometry Parameters should create Torus with correct major and minor radius","invocations":1,"location":null,"numPassingAsserts":1,"retryReasons":[],"status":"passed","title":"should create Torus with correct major and minor radius"},{"ancestorTitles":["3D Primitives Functionality","Geometry Parameters"],"duration":9,"failureDetails":[],"failureMessages":[],"fullName":"3D Primitives Functionality Geometry Parameters should create TorusKnot with correct parameters","invocations":1,"location":null,"numPassingAsserts":1,"retryReasons":[],"status":"passed","title":"should create TorusKnot with correct parameters"},{"ancestorTitles":["3D Primitives Functionality","Geometry Parameters"],"duration":9,"failureDetails":[],"failureMessages":[],"fullName":"3D Primitives Functionality Geometry Parameters should create polyhedrons with correct radius","invocations":1,"location":null,"numPassingAsserts":4,"retryReasons":[],"status":"passed","title":"should create polyhedrons with correct radius"},{"ancestorTitles":["3D Primitives Functionality","Geometry Parameters"],"duration":36,"failureDetails":[],"failureMessages":[],"fullName":"3D Primitives Functionality Geometry Parameters should create Plane with correct dimensions and double-sided material","invocations":1,"location":null,"numPassingAsserts":2,"retryReasons":[],"status":"passed","title":"should create Plane with correct dimensions and double-sided material"},{"ancestorTitles":["3D Primitives Functionality","Geometry Parameters"],"duration":9,"failureDetails":[],"failureMessages":[],"fullName":"3D Primitives Functionality Geometry Parameters should create Tube with curve and correct parameters","invocations":1,"location":null,"numPassingAsserts":2,"retryReasons":[],"status":"passed","title":"should create Tube with curve and correct parameters"},{"ancestorTitles":["3D Primitives Functionality","Object Naming and Counting"],"duration":8,"failureDetails":[],"failureMessages":[],"fullName":"3D Primitives Functionality Object Naming and Counting should name objects with incremental counters","invocations":1,"location":null,"numPassingAsserts":3,"retryReasons":[],"status":"passed","title":"should name objects with incremental counters"},{"ancestorTitles":["3D Primitives Functionality","Object Naming and Counting"],"duration":9,"failureDetails":[],"failureMessages":[],"fullName":"3D Primitives Functionality Object Naming and Counting should maintain correct object count","invocations":1,"location":null,"numPassingAsserts":4,"retryReasons":[],"status":"passed","title":"should maintain correct object count"},{"ancestorTitles":["3D Primitives Functionality","Material Properties"],"duration":9,"failureDetails":[],"failureMessages":[],"fullName":"3D Primitives Functionality Material Properties should assign unique colors to different primitives","invocations":1,"location":null,"numPassingAsserts":3,"retryReasons":[],"status":"passed","title":"should assign unique colors to different primitives"},{"ancestorTitles":["3D Primitives Functionality","Material Properties"],"duration":13,"failureDetails":[],"failureMessages":[],"fullName":"3D Primitives Functionality Material Properties should create materials for all primitive types","invocations":1,"location":null,"numPassingAsserts":1,"retryReasons":[],"status":"passed","title":"should create materials for all primitive types"},{"ancestorTitles":["3D Primitives Functionality","Scene Integration"],"duration":9,"failureDetails":[],"failureMessages":[],"fullName":"3D Primitives Functionality Scene Integration should add all primitives to the scene","invocations":1,"location":null,"numPassingAsserts":1,"retryReasons":[],"status":"passed","title":"should add all primitives to the scene"},{"ancestorTitles":["3D Primitives Functionality","Scene Integration"],"duration":8,"failureDetails":[],"failureMessages":[],"fullName":"3D Primitives Functionality Scene Integration should select newly created objects","invocations":1,"location":null,"numPassingAsserts":2,"retryReasons":[],"status":"passed","title":"should select newly created objects"},{"ancestorTitles":["3D Primitives Functionality","Scene Integration"],"duration":44,"failureDetails":[],"failureMessages":[],"fullName":"3D Primitives Functionality Scene Integration should call saveState for each primitive creation","invocations":1,"location":null,"numPassingAsserts":3,"retryReasons":[],"status":"passed","title":"should call saveState for each primitive creation"},{"ancestorTitles":["3D Primitives Functionality","Scene Integration"],"duration":9,"failureDetails":[],"failureMessages":[],"fullName":"3D Primitives Functionality Scene Integration should update scene graph for each primitive creation","invocations":1,"location":null,"numPassingAsserts":2,"retryReasons":[],"status":"passed","title":"should update scene graph for each primitive creation"},{"ancestorTitles":["3D Primitives Functionality","Shadow Properties"],"duration":16,"failureDetails":[],"failureMessages":[],"fullName":"3D Primitives Functionality Shadow Properties should enable shadows for all primitives","invocations":1,"location":null,"numPassingAsserts":24,"retryReasons":[],"status":"passed","title":"should enable shadows for all primitives"},{"ancestorTitles":["3D Primitives Functionality","Complex Primitives"],"duration":8,"failureDetails":[],"failureMessages":[],"fullName":"3D Primitives Functionality Complex Primitives should create Tube with proper curve definition","invocations":1,"location":null,"numPassingAsserts":4,"retryReasons":[],"status":"passed","title":"should create Tube with proper curve definition"},{"ancestorTitles":["3D Primitives Functionality","Complex Primitives"],"duration":9,"failureDetails":[],"failureMessages":[],"fullName":"3D Primitives Functionality Complex Primitives should create Teapot with all components positioned correctly","invocations":1,"location":null,"numPassingAsserts":5,"retryReasons":[],"status":"passed","title":"should create Teapot with all components positioned correctly"}],"endTime":1770078049988,"message":"","name":"/app/tests/Primitives.test.js","startTime":1770078046994,"status":"passed","summary":""},{"assertionResults":[{"ancestorTitles":["Scene Graph/Outliner Functionality","Scene Graph Setup"],"duration":28,"failureDetails":[],"failureMessages":[],"fullName":"Scene Graph/Outliner Functionality Scene Graph Setup should create scene graph panel with proper structure","invocations":1,"location":null,"numPassingAsserts":3,"retryReasons":[],"status":"passed","title":"should create scene graph panel with proper structure"},{"ancestorTitles":["Scene Graph/Outliner Functionality","Scene Graph Setup"],"duration":20,"failureDetails":[],"failureMessages":[],"fullName":"Scene Graph/Outliner Functionality Scene Graph Setup should show empty message when no objects exist","invocations":1,"location":null,"numPassingAsserts":1,"retryReasons":[],"status":"passed","title":"should show empty message when no objects exist"},{"ancestorTitles":["Scene Graph/Outliner Functionality","Object Management"],"duration":48,"failureDetails":[],"failureMessages":[],"fullName":"Scene Graph/Outliner Functionality Object Management should add objects to scene graph","invocations":1,"location":null,"numPassingAsserts":3,"retryReasons":[],"status":"passed","title":"should add objects to scene graph"},{"ancestorTitles":["Scene Graph/Outliner Functionality","Object Management"],"duration":10,"failureDetails":[],"failureMessages":[],"fullName":"Scene Graph/Outliner Functionality Object Management should display object information in scene graph","invocations":1,"location":null,"numPassingAsserts":4,"retryReasons":[],"status":"passed","title":"should display object information in scene graph"},{"ancestorTitles":["Scene Graph/Outliner Functionality","Object Management"],"duration":9,"failureDetails":[],"failureMessages":[],"fullName":"Scene Graph/Outliner Functionality Object Management should handle object selection through scene graph","invocations":1,"location":null,"numPassingAsserts":2,"retryReasons":[],"status":"passed","title":"should handle object selection through scene graph"},{"ancestorTitles":["Scene Graph/Outliner Functionality","Object Management"],"duration":14,"failureDetails":[],"failureMessages":[],"fullName":"Scene Graph/Outliner Functionality Object Management should handle object deletion through scene graph","invocations":1,"location":null,"numPassingAsserts":5,"retryReasons":[],"status":"passed","title":"should handle object deletion through scene graph"},{"ancestorTitles":["Scene Graph/Outliner Functionality","Object Management"],"duration":12,"failureDetails":[],"failureMessages":[],"fullName":"Scene Graph/Outliner Functionality Object Management should clear selection when selected object is deleted","invocations":1,"location":null,"numPassingAsserts":2,"retryReasons":[],"status":"passed","title":"should clear selection when selected object is deleted"},{"ancestorTitles":["Scene Graph/Outliner Functionality","Visibility Toggle"],"duration":12,"failureDetails":[],"failureMessages":[],"fullName":"Scene Graph/Outliner Functionality Visibility Toggle should toggle object visibility","invocations":1,"location":null,"numPassingAsserts":3,"retryReasons":[],"status":"passed","title":"should toggle object visibility"},{"ancestorTitles":["Scene Graph/Outliner Functionality","Visibility Toggle"],"duration":10,"failureDetails":[],"failureMessages":[],"fullName":"Scene Graph/Outliner Functionality Visibility Toggle should update visibility button text based on state","invocations":1,"location":null,"numPassingAsserts":2,"retryReasons":[],"status":"passed","title":"should update visibility button text based on state"},{"ancestorTitles":["Scene Graph/Outliner Functionality","Scene Graph Updates"],"duration":33,"failureDetails":[],"failureMessages":[],"fullName":"Scene Graph/Outliner Functionality Scene Graph Updates should update scene graph when objects are added","invocations":1,"location":null,"numPassingAsserts":1,"retryReasons":[],"status":"passed","title":"should update scene graph when objects are added"},{"ancestorTitles":["Scene Graph/Outliner Functionality","Scene Graph Updates"],"duration":9,"failureDetails":[],"failureMessages":[],"fullName":"Scene Graph/Outliner Functionality Scene Graph Updates should update scene graph when objects are removed","invocations":1,"location":null,"numPassingAsserts":1,"retryReasons":[],"status":"passed","title":"should update scene graph when objects are removed"},{"ancestorTitles":["Scene Graph/Outliner Functionality","Scene Graph Updates"],"duration":9,"failureDetails":[],"failureMessages":[],"fullName":"Scene Graph/Outliner Functionality Scene Graph Updates should update scene graph when selection changes","invocations":1,"location":null,"numPassingAsserts":1,"retryReasons":[],"status":"passed","title":"should update scene graph when selection changes"},{"ancestorTitles":["Scene Graph/Outliner Functionality","Object Information Display"],"duration":9,"failureDetails":[],"failureMessages":[],"fullName":"Scene Graph/Outliner Functionality Object Information Display should display object name and type","invocations":1,"location":null,"numPassingAsserts":2,"retryReasons":[],"status":"passed","title":"should display object name and type"},{"ancestorTitles":["Scene Graph/Outliner Functionality","Object Information Display"],"duration":9,"failureDetails":[],"failureMessages":[],"fullName":"Scene Graph/Outliner Functionality Object Information Display should display object position coordinates","invocations":1,"location":null,"numPassingAsserts":1,"retryReasons":[],"status":"passed","title":"should display object position coordinates"},{"ancestorTitles":["Scene Graph/Outliner Functionality","Object Information Display"],"duration":10,"failureDetails":[],"failureMessages":[],"fullName":"Scene Graph/Outliner Functionality Object Information Display should handle objects without names","invocations":1,"location":null,"numPassingAsserts":1,"retryReasons":[],"status":"passed","title":"should handle objects without names"}],"endTime":1770078050994,"message":"","name":"/app/tests/SceneGraphOutliner.test.js","startTime":1770078050042,"status":"passed","summary":""},{"assertionResults":[],"coverage":{},"endTime":1770078060115,"message":"  ● Test suite failed to run\n\n    Jest encountered an unexpected token\n\n    Jest failed to parse a file. This happens e.g. when your code or its dependencies use non-standard JavaScript syntax, or when Jest is not configured to support such syntax.\n\n    Out of the box Jest supports Babel, which will be used to transform your files into valid JS based on your Babel configuration.\n\n    By default \"node_modules\" folder is ignored by transformers.\n\n    Here's what you can do:\n     • If you are trying to use ECMAScript Modules, see https://jestjs.io/docs/ecmascript-modules for how to enable it.\n     • If you are trying to use TypeScript, see https://jestjs.io/docs/getting-started#using-typescript\n     • To have some of your \"node_modules\" files transformed, you can specify a custom \"transformIgnorePatterns\" in your config.\n     • If you need a custom transformation specify a \"transform\" option in your config.\n     • If you simply want to mock your non-JS modules (e.g. binary assets) you can stub them out with the \"moduleNameMapper\" config option.\n\n    You'll find more details and examples of these config options in the docs:\n    https://jestjs.io/docs/configuration\n    For information about custom transformations, see:\n    https://jestjs.io/docs/code-transformation\n\n    Details:\n\n    /app/node_modules/.pnpm/three@0.164.1/node_modules/three/examples/jsm/geometries/TeapotGeometry.js:1\n    ({\"Object.<anonymous>\":function(module,exports,require,__dirname,__filename,jest){import {\n                                                                                      ^^^^^^\n\n    SyntaxError: Cannot use import statement outside a module\n\n      1 |\n      2 | import * as THREE from 'three';\n    > 3 | import { TeapotGeometry } from 'three/examples/jsm/geometries/TeapotGeometry.js';\n        | ^\n      4 | import { FontLoader } from 'three/examples/jsm/loaders/FontLoader.js';\n      5 | import { TextGeometry } from 'three/examples/jsm/geometries/TextGeometry.js';\n      6 | import { ExtrudeGeometry, LatheGeometry } from 'three';\n\n      at Runtime.createScriptFromCode (node_modules/.pnpm/jest-runtime@29.7.0/node_modules/jest-runtime/build/index.js:1505:14)\n      at Object.require (src/frontend/PrimitiveFactory.js:3:1)\n      at Object.require (src/frontend/ObjectManager.js:3:1)\n      at Object.require (tests/ObjectManager.test.js:4:1)\n","name":"/app/tests/ObjectManager.test.js","startTime":1770078060115,"status":"failed","summary":""},{"assertionResults":[{"ancestorTitles":["Undo/Redo History Functionality","History State Management"],"duration":28,"failureDetails":[],"failureMessages":[],"fullName":"Undo/Redo History Functionality History State Management should initialize with initial state","invocations":1,"location":null,"numPassingAsserts":3,"retryReasons":[],"status":"passed","title":"should initialize with initial state"},{"ancestorTitles":["Undo/Redo History Functionality","History State Management"],"duration":21,"failureDetails":[{"matcherResult":{"actual":2,"expected":3,"message":"expect(received).toBe(expected) // Object.is equality\n\nExpected: 3\nReceived: 2","name":"toBe","pass":false}}],"failureMessages":["Error: expect(received).toBe(expected) // Object.is equality\n\nExpected: 3\nReceived: 2\n    at Object.toBe (/app/tests/UndoRedo.test.js:307:40)\n    at Promise.then.completed (/app/node_modules/.pnpm/jest-circus@29.7.0/node_modules/jest-circus/build/utils.js:298:28)\n    at new Promise (<anonymous>)\n    at callAsyncCircusFn (/app/node_modules/.pnpm/jest-circus@29.7.0/node_modules/jest-circus/build/utils.js:231:10)\n    at _callCircusTest (/app/node_modules/.pnpm/jest-circus@29.7.0/node_modules/jest-circus/build/run.js:316:40)\n    at processTicksAndRejections (node:internal/process/task_queues:105:5)\n    at _runTest (/app/node_modules/.pnpm/jest-circus@29.7.0/node_modules/jest-circus/build/run.js:252:3)\n    at _runTestsForDescribeBlock (/app/node_modules/.pnpm/jest-circus@29.7.0/node_modules/jest-circus/build/run.js:126:9)\n    at _runTestsForDescribeBlock (/app/node_modules/.pnpm/jest-circus@29.7.0/node_modules/jest-circus/build/run.js:121:9)\n    at _runTestsForDescribeBlock (/app/node_modules/.pnpm/jest-circus@29.7.0/node_modules/jest-circus/build/run.js:121:9)\n    at run (/app/node_modules/.pnpm/jest-circus@29.7.0/node_modules/jest-circus/build/run.js:71:3)\n    at runAndTransformResultsToJestFormat (/app/node_modules/.pnpm/jest-circus@29.7.0/node_modules/jest-circus/build/legacy-code-todo-rewrite/jestAdapterInit.js:122:21)\n    at jestAdapter (/app/node_modules/.pnpm/jest-circus@29.7.0/node_modules/jest-circus/build/legacy-code-todo-rewrite/jestAdapter.js:79:19)\n    at runTestInternal (/app/node_modules/.pnpm/jest-runner@29.7.0/node_modules/jest-runner/build/runTest.js:367:16)\n    at runTest (/app/node_modules/.pnpm/jest-runner@29.7.0/node_modules/jest-runner/build/runTest.js:444:34)\n    at Object.worker (/app/node_modules/.pnpm/jest-runner@29.7.0/node_modules/jest-runner/build/testWorker.js:106:12)"],"fullName":"Undo/Redo History Functionality History State Management should save state with correct data structure","invocations":1,"location":null,"numPassingAsserts":0,"retryReasons":[],"status":"failed","title":"should save state with correct data structure"},{"ancestorTitles":["Undo/Redo History Functionality","History State Management"],"duration":11,"failureDetails":[],"failureMessages":[],"fullName":"Undo/Redo History Functionality History State Management should limit history size to maxHistorySize","invocations":1,"location":null,"numPassingAsserts":2,"retryReasons":[],"status":"passed","title":"should limit history size to maxHistorySize"},{"ancestorTitles":["Undo/Redo History Functionality","History State Management"],"duration":41,"failureDetails":[{}],"failureMessages":["TypeError: mesh.scale.copy is not a function\n    at copy (/app/tests/UndoRedo.test.js:242:32)\n    at Array.forEach (<anonymous>)\n    at TestApp.forEach [as restoreState] (/app/tests/UndoRedo.test.js:216:31)\n    at TestApp.restoreState [as undo] (/app/tests/UndoRedo.test.js:191:26)\n    at Object.undo (/app/tests/UndoRedo.test.js:336:17)\n    at Promise.then.completed (/app/node_modules/.pnpm/jest-circus@29.7.0/node_modules/jest-circus/build/utils.js:298:28)\n    at new Promise (<anonymous>)\n    at callAsyncCircusFn (/app/node_modules/.pnpm/jest-circus@29.7.0/node_modules/jest-circus/build/utils.js:231:10)\n    at _callCircusTest (/app/node_modules/.pnpm/jest-circus@29.7.0/node_modules/jest-circus/build/run.js:316:40)\n    at processTicksAndRejections (node:internal/process/task_queues:105:5)\n    at _runTest (/app/node_modules/.pnpm/jest-circus@29.7.0/node_modules/jest-circus/build/run.js:252:3)\n    at _runTestsForDescribeBlock (/app/node_modules/.pnpm/jest-circus@29.7.0/node_modules/jest-circus/build/run.js:126:9)\n    at _runTestsForDescribeBlock (/app/node_modules/.pnpm/jest-circus@29.7.0/node_modules/jest-circus/build/run.js:121:9)\n    at _runTestsForDescribeBlock (/app/node_modules/.pnpm/jest-circus@29.7.0/node_modules/jest-circus/build/run.js:121:9)\n    at run (/app/node_modules/.pnpm/jest-circus@29.7.0/node_modules/jest-circus/build/run.js:71:3)\n    at runAndTransformResultsToJestFormat (/app/node_modules/.pnpm/jest-circus@29.7.0/node_modules/jest-circus/build/legacy-code-todo-rewrite/jestAdapterInit.js:122:21)\n    at jestAdapter (/app/node_modules/.pnpm/jest-circus@29.7.0/node_modules/jest-circus/build/legacy-code-todo-rewrite/jestAdapter.js:79:19)\n    at runTestInternal (/app/node_modules/.pnpm/jest-runner@29.7.0/node_modules/jest-runner/build/runTest.js:367:16)\n    at runTest (/app/node_modules/.pnpm/jest-runner@29.7.0/node_modules/jest-runner/build/runTest.js:444:34)\n    at Object.worker (/app/node_modules/.pnpm/jest-runner@29.7.0/node_modules/jest-runner/build/testWorker.js:106:12)"],"fullName":"Undo/Redo History Functionality History State Management should remove future states when new action is performed","invocations":1,"location":null,"numPassingAsserts":0,"retryReasons":[],"status":"failed","title":"should remove future states when new action is performed"},{"ancestorTitles":["Undo/Redo History Functionality","Undo Functionality"],"duration":14,"failureDetails":[],"failureMessages":[],"fullName":"Undo/Redo History Functionality Undo Functionality should undo to previous state","invocations":1,"location":null,"numPassingAsserts":3,"retryReasons":[],"status":"passed","title":"should undo to previous state"},{"ancestorTitles":["Undo/Redo History Functionality","Undo Functionality"],"duration":11,"failureDetails":[],"failureMessages":[],"fullName":"Undo/Redo History Functionality Undo Functionality should not undo when at initial state","invocations":1,"location":null,"numPassingAsserts":2,"retryReasons":[],"status":"passed","title":"should not undo when at initial state"},{"ancestorTitles":["Undo/Redo History Functionality","Undo Functionality"],"duration":23,"failureDetails":[{}],"failureMessages":["TypeError: mesh.scale.copy is not a function\n    at copy (/app/tests/UndoRedo.test.js:242:32)\n    at Array.forEach (<anonymous>)\n    at TestApp.forEach [as restoreState] (/app/tests/UndoRedo.test.js:216:31)\n    at TestApp.restoreState [as undo] (/app/tests/UndoRedo.test.js:191:26)\n    at Object.undo (/app/tests/UndoRedo.test.js:376:17)\n    at Promise.then.completed (/app/node_modules/.pnpm/jest-circus@29.7.0/node_modules/jest-circus/build/utils.js:298:28)\n    at new Promise (<anonymous>)\n    at callAsyncCircusFn (/app/node_modules/.pnpm/jest-circus@29.7.0/node_modules/jest-circus/build/utils.js:231:10)\n    at _callCircusTest (/app/node_modules/.pnpm/jest-circus@29.7.0/node_modules/jest-circus/build/run.js:316:40)\n    at processTicksAndRejections (node:internal/process/task_queues:105:5)\n    at _runTest (/app/node_modules/.pnpm/jest-circus@29.7.0/node_modules/jest-circus/build/run.js:252:3)\n    at _runTestsForDescribeBlock (/app/node_modules/.pnpm/jest-circus@29.7.0/node_modules/jest-circus/build/run.js:126:9)\n    at _runTestsForDescribeBlock (/app/node_modules/.pnpm/jest-circus@29.7.0/node_modules/jest-circus/build/run.js:121:9)\n    at _runTestsForDescribeBlock (/app/node_modules/.pnpm/jest-circus@29.7.0/node_modules/jest-circus/build/run.js:121:9)\n    at run (/app/node_modules/.pnpm/jest-circus@29.7.0/node_modules/jest-circus/build/run.js:71:3)\n    at runAndTransformResultsToJestFormat (/app/node_modules/.pnpm/jest-circus@29.7.0/node_modules/jest-circus/build/legacy-code-todo-rewrite/jestAdapterInit.js:122:21)\n    at jestAdapter (/app/node_modules/.pnpm/jest-circus@29.7.0/node_modules/jest-circus/build/legacy-code-todo-rewrite/jestAdapter.js:79:19)\n    at runTestInternal (/app/node_modules/.pnpm/jest-runner@29.7.0/node_modules/jest-runner/build/runTest.js:367:16)\n    at runTest (/app/node_modules/.pnpm/jest-runner@29.7.0/node_modules/jest-runner/build/runTest.js:444:34)\n    at Object.worker (/app/node_modules/.pnpm/jest-runner@29.7.0/node_modules/jest-runner/build/testWorker.js:106:12)"],"fullName":"Undo/Redo History Functionality Undo Functionality should restore object selection state","invocations":1,"location":null,"numPassingAsserts":1,"retryReasons":[],"status":"failed","title":"should restore object selection state"},{"ancestorTitles":["Undo/Redo History Functionality","Undo Functionality"],"duration":13,"failureDetails":[],"failureMessages":[],"fullName":"Undo/Redo History Functionality Undo Functionality should call dispose on geometry and material when restoring","invocations":1,"location":null,"numPassingAsserts":2,"retryReasons":[],"status":"passed","title":"should call dispose on geometry and material when restoring"},{"ancestorTitles":["Undo/Redo History Functionality","Redo Functionality"],"duration":14,"failureDetails":[{}],"failureMessages":["TypeError: mesh.scale.copy is not a function\n    at copy (/app/tests/UndoRedo.test.js:242:32)\n    at Array.forEach (<anonymous>)\n    at TestApp.forEach [as restoreState] (/app/tests/UndoRedo.test.js:216:31)\n    at TestApp.restoreState [as redo] (/app/tests/UndoRedo.test.js:200:26)\n    at Object.redo (/app/tests/UndoRedo.test.js:400:36)\n    at Promise.then.completed (/app/node_modules/.pnpm/jest-circus@29.7.0/node_modules/jest-circus/build/utils.js:298:28)\n    at new Promise (<anonymous>)\n    at callAsyncCircusFn (/app/node_modules/.pnpm/jest-circus@29.7.0/node_modules/jest-circus/build/utils.js:231:10)\n    at _callCircusTest (/app/node_modules/.pnpm/jest-circus@29.7.0/node_modules/jest-circus/build/run.js:316:40)\n    at processTicksAndRejections (node:internal/process/task_queues:105:5)\n    at _runTest (/app/node_modules/.pnpm/jest-circus@29.7.0/node_modules/jest-circus/build/run.js:252:3)\n    at _runTestsForDescribeBlock (/app/node_modules/.pnpm/jest-circus@29.7.0/node_modules/jest-circus/build/run.js:126:9)\n    at _runTestsForDescribeBlock (/app/node_modules/.pnpm/jest-circus@29.7.0/node_modules/jest-circus/build/run.js:121:9)\n    at _runTestsForDescribeBlock (/app/node_modules/.pnpm/jest-circus@29.7.0/node_modules/jest-circus/build/run.js:121:9)\n    at run (/app/node_modules/.pnpm/jest-circus@29.7.0/node_modules/jest-circus/build/run.js:71:3)\n    at runAndTransformResultsToJestFormat (/app/node_modules/.pnpm/jest-circus@29.7.0/node_modules/jest-circus/build/legacy-code-todo-rewrite/jestAdapterInit.js:122:21)\n    at jestAdapter (/app/node_modules/.pnpm/jest-circus@29.7.0/node_modules/jest-circus/build/legacy-code-todo-rewrite/jestAdapter.js:79:19)\n    at runTestInternal (/app/node_modules/.pnpm/jest-runner@29.7.0/node_modules/jest-runner/build/runTest.js:367:16)\n    at runTest (/app/node_modules/.pnpm/jest-runner@29.7.0/node_modules/jest-runner/build/runTest.js:444:34)\n    at Object.worker (/app/node_modules/.pnpm/jest-runner@29.7.0/node_modules/jest-runner/build/testWorker.js:106:12)"],"fullName":"Undo/Redo History Functionality Redo Functionality should redo to next state","invocations":1,"location":null,"numPassingAsserts":1,"retryReasons":[],"status":"failed","title":"should redo to next state"},{"ancestorTitles":["Undo/Redo History Functionality","Redo Functionality"],"duration":10,"failureDetails":[],"failureMessages":[],"fullName":"Undo/Redo History Functionality Redo Functionality should not redo when at latest state","invocations":1,"location":null,"numPassingAsserts":1,"retryReasons":[],"status":"passed","title":"should not redo when at latest state"},{"ancestorTitles":["Undo/Redo History Functionality","Redo Functionality"],"duration":9,"failureDetails":[{}],"failureMessages":["TypeError: mesh.scale.copy is not a function\n    at copy (/app/tests/UndoRedo.test.js:242:32)\n    at Array.forEach (<anonymous>)\n    at TestApp.forEach [as restoreState] (/app/tests/UndoRedo.test.js:216:31)\n    at TestApp.restoreState [as undo] (/app/tests/UndoRedo.test.js:191:26)\n    at Object.undo (/app/tests/UndoRedo.test.js:422:17)\n    at Promise.then.completed (/app/node_modules/.pnpm/jest-circus@29.7.0/node_modules/jest-circus/build/utils.js:298:28)\n    at new Promise (<anonymous>)\n    at callAsyncCircusFn (/app/node_modules/.pnpm/jest-circus@29.7.0/node_modules/jest-circus/build/utils.js:231:10)\n    at _callCircusTest (/app/node_modules/.pnpm/jest-circus@29.7.0/node_modules/jest-circus/build/run.js:316:40)\n    at processTicksAndRejections (node:internal/process/task_queues:105:5)\n    at _runTest (/app/node_modules/.pnpm/jest-circus@29.7.0/node_modules/jest-circus/build/run.js:252:3)\n    at _runTestsForDescribeBlock (/app/node_modules/.pnpm/jest-circus@29.7.0/node_modules/jest-circus/build/run.js:126:9)\n    at _runTestsForDescribeBlock (/app/node_modules/.pnpm/jest-circus@29.7.0/node_modules/jest-circus/build/run.js:121:9)\n    at _runTestsForDescribeBlock (/app/node_modules/.pnpm/jest-circus@29.7.0/node_modules/jest-circus/build/run.js:121:9)\n    at run (/app/node_modules/.pnpm/jest-circus@29.7.0/node_modules/jest-circus/build/run.js:71:3)\n    at runAndTransformResultsToJestFormat (/app/node_modules/.pnpm/jest-circus@29.7.0/node_modules/jest-circus/build/legacy-code-todo-rewrite/jestAdapterInit.js:122:21)\n    at jestAdapter (/app/node_modules/.pnpm/jest-circus@29.7.0/node_modules/jest-circus/build/legacy-code-todo-rewrite/jestAdapter.js:79:19)\n    at runTestInternal (/app/node_modules/.pnpm/jest-runner@29.7.0/node_modules/jest-runner/build/runTest.js:367:16)\n    at runTest (/app/node_modules/.pnpm/jest-runner@29.7.0/node_modules/jest-runner/build/runTest.js:444:34)\n    at Object.worker (/app/node_modules/.pnpm/jest-runner@29.7.0/node_modules/jest-runner/build/testWorker.js:106:12)"],"fullName":"Undo/Redo History Functionality Redo Functionality should restore correct state after multiple undo/redo operations","invocations":1,"location":null,"numPassingAsserts":1,"retryReasons":[],"status":"failed","title":"should restore correct state after multiple undo/redo operations"},{"ancestorTitles":["Undo/Redo History Functionality","State Restoration"],"duration":10,"failureDetails":[{}],"failureMessages":["TypeError: mesh.scale.copy is not a function\n    at copy (/app/tests/UndoRedo.test.js:242:32)\n    at Array.forEach (<anonymous>)\n    at TestApp.forEach [as restoreState] (/app/tests/UndoRedo.test.js:216:31)\n    at TestApp.restoreState [as undo] (/app/tests/UndoRedo.test.js:191:26)\n    at Object.undo (/app/tests/UndoRedo.test.js:443:17)\n    at Promise.then.completed (/app/node_modules/.pnpm/jest-circus@29.7.0/node_modules/jest-circus/build/utils.js:298:28)\n    at new Promise (<anonymous>)\n    at callAsyncCircusFn (/app/node_modules/.pnpm/jest-circus@29.7.0/node_modules/jest-circus/build/utils.js:231:10)\n    at _callCircusTest (/app/node_modules/.pnpm/jest-circus@29.7.0/node_modules/jest-circus/build/run.js:316:40)\n    at processTicksAndRejections (node:internal/process/task_queues:105:5)\n    at _runTest (/app/node_modules/.pnpm/jest-circus@29.7.0/node_modules/jest-circus/build/run.js:252:3)\n    at _runTestsForDescribeBlock (/app/node_modules/.pnpm/jest-circus@29.7.0/node_modules/jest-circus/build/run.js:126:9)\n    at _runTestsForDescribeBlock (/app/node_modules/.pnpm/jest-circus@29.7.0/node_modules/jest-circus/build/run.js:121:9)\n    at _runTestsForDescribeBlock (/app/node_modules/.pnpm/jest-circus@29.7.0/node_modules/jest-circus/build/run.js:121:9)\n    at run (/app/node_modules/.pnpm/jest-circus@29.7.0/node_modules/jest-circus/build/run.js:71:3)\n    at runAndTransformResultsToJestFormat (/app/node_modules/.pnpm/jest-circus@29.7.0/node_modules/jest-circus/build/legacy-code-todo-rewrite/jestAdapterInit.js:122:21)\n    at jestAdapter (/app/node_modules/.pnpm/jest-circus@29.7.0/node_modules/jest-circus/build/legacy-code-todo-rewrite/jestAdapter.js:79:19)\n    at runTestInternal (/app/node_modules/.pnpm/jest-runner@29.7.0/node_modules/jest-runner/build/runTest.js:367:16)\n    at runTest (/app/node_modules/.pnpm/jest-runner@29.7.0/node_modules/jest-runner/build/runTest.js:444:34)\n    at Object.worker (/app/node_modules/.pnpm/jest-runner@29.7.0/node_modules/jest-runner/build/testWorker.js:106:12)"],"fullName":"Undo/Redo History Functionality State Restoration should restore object properties correctly","invocations":1,"location":null,"numPassingAsserts":0,"retryReasons":[],"status":"failed","title":"should restore object properties correctly"},{"ancestorTitles":["Undo/Redo History Functionality","State Restoration"],"duration":8,"failureDetails":[{}],"failureMessages":["TypeError: mesh.scale.copy is not a function\n    at copy (/app/tests/UndoRedo.test.js:242:32)\n    at Array.forEach (<anonymous>)\n    at TestApp.forEach [as restoreState] (/app/tests/UndoRedo.test.js:216:31)\n    at TestApp.restoreState [as undo] (/app/tests/UndoRedo.test.js:191:26)\n    at Object.undo (/app/tests/UndoRedo.test.js:458:17)\n    at Promise.then.completed (/app/node_modules/.pnpm/jest-circus@29.7.0/node_modules/jest-circus/build/utils.js:298:28)\n    at new Promise (<anonymous>)\n    at callAsyncCircusFn (/app/node_modules/.pnpm/jest-circus@29.7.0/node_modules/jest-circus/build/utils.js:231:10)\n    at _callCircusTest (/app/node_modules/.pnpm/jest-circus@29.7.0/node_modules/jest-circus/build/run.js:316:40)\n    at processTicksAndRejections (node:internal/process/task_queues:105:5)\n    at _runTest (/app/node_modules/.pnpm/jest-circus@29.7.0/node_modules/jest-circus/build/run.js:252:3)\n    at _runTestsForDescribeBlock (/app/node_modules/.pnpm/jest-circus@29.7.0/node_modules/jest-circus/build/run.js:126:9)\n    at _runTestsForDescribeBlock (/app/node_modules/.pnpm/jest-circus@29.7.0/node_modules/jest-circus/build/run.js:121:9)\n    at _runTestsForDescribeBlock (/app/node_modules/.pnpm/jest-circus@29.7.0/node_modules/jest-circus/build/run.js:121:9)\n    at run (/app/node_modules/.pnpm/jest-circus@29.7.0/node_modules/jest-circus/build/run.js:71:3)\n    at runAndTransformResultsToJestFormat (/app/node_modules/.pnpm/jest-circus@29.7.0/node_modules/jest-circus/build/legacy-code-todo-rewrite/jestAdapterInit.js:122:21)\n    at jestAdapter (/app/node_modules/.pnpm/jest-circus@29.7.0/node_modules/jest-circus/build/legacy-code-todo-rewrite/jestAdapter.js:79:19)\n    at runTestInternal (/app/node_modules/.pnpm/jest-runner@29.7.0/node_modules/jest-runner/build/runTest.js:367:16)\n    at runTest (/app/node_modules/.pnpm/jest-runner@29.7.0/node_modules/jest-runner/build/runTest.js:444:34)\n    at Object.worker (/app/node_modules/.pnpm/jest-runner@29.7.0/node_modules/jest-runner/build/testWorker.js:106:12)"],"fullName":"Undo/Redo History Functionality State Restoration should handle objects with different geometry types","invocations":1,"location":null,"numPassingAsserts":0,"retryReasons":[],"status":"failed","title":"should handle objects with different geometry types"},{"ancestorTitles":["Undo/Redo History Functionality","State Restoration"],"duration":51,"failureDetails":[{"matcherResult":{"message":"expect(received).not.toThrow()\n\nError name:    \"TypeError\"\nError message: \"mesh.scale.copy is not a function\"\n\n      240 |                     mesh.position.copy(objData.position);\n      241 |                     mesh.rotation.copy(objData.rotation);\n    > 242 |                     mesh.scale.copy(objData.scale);\n          |                                ^\n      243 |                     mesh.visible = objData.visible;\n      244 |                     mesh.uuid = objData.uuid;\n      245 |                     mesh.userData.geometryParams = objData.geometryParams;\n\n      at copy (tests/UndoRedo.test.js:242:32)\n          at Array.forEach (<anonymous>)\n      at TestApp.forEach [as restoreState] (tests/UndoRedo.test.js:216:31)\n      at TestApp.restoreState [as undo] (tests/UndoRedo.test.js:191:26)\n      at undo (tests/UndoRedo.test.js:473:21)\n      at Object.<anonymous> (node_modules/.pnpm/expect@29.7.0/node_modules/expect/build/toThrowMatchers.js:74:11)\n      at Object.throwingMatcher [as toThrow] (node_modules/.pnpm/expect@29.7.0/node_modules/expect/build/index.js:320:21)\n      at Object.toThrow (tests/UndoRedo.test.js:474:20)","pass":true}}],"failureMessages":["Error: expect(received).not.toThrow()\n\nError name:    \"TypeError\"\nError message: \"mesh.scale.copy is not a function\"\n\n      240 |                     mesh.position.copy(objData.position);\n      241 |                     mesh.rotation.copy(objData.rotation);\n    > 242 |                     mesh.scale.copy(objData.scale);\n          |                                ^\n      243 |                     mesh.visible = objData.visible;\n      244 |                     mesh.uuid = objData.uuid;\n      245 |                     mesh.userData.geometryParams = objData.geometryParams;\n\n      at copy (tests/UndoRedo.test.js:242:32)\n          at Array.forEach (<anonymous>)\n      at TestApp.forEach [as restoreState] (tests/UndoRedo.test.js:216:31)\n      at TestApp.restoreState [as undo] (tests/UndoRedo.test.js:191:26)\n      at undo (tests/UndoRedo.test.js:473:21)\n      at Object.<anonymous> (node_modules/.pnpm/expect@29.7.0/node_modules/expect/build/toThrowMatchers.js:74:11)\n      at Object.throwingMatcher [as toThrow] (node_modules/.pnpm/expect@29.7.0/node_modules/expect/build/index.js:320:21)\n      at Object.toThrow (tests/UndoRedo.test.js:474:20)\n    at Object.toThrow (/app/tests/UndoRedo.test.js:474:20)\n    at Promise.then.completed (/app/node_modules/.pnpm/jest-circus@29.7.0/node_modules/jest-circus/build/utils.js:298:28)\n    at new Promise (<anonymous>)\n    at callAsyncCircusFn (/app/node_modules/.pnpm/jest-circus@29.7.0/node_modules/jest-circus/build/utils.js:231:10)\n    at _callCircusTest (/app/node_modules/.pnpm/jest-circus@29.7.0/node_modules/jest-circus/build/run.js:316:40)\n    at processTicksAndRejections (node:internal/process/task_queues:105:5)\n    at _runTest (/app/node_modules/.pnpm/jest-circus@29.7.0/node_modules/jest-circus/build/run.js:252:3)\n    at _runTestsForDescribeBlock (/app/node_modules/.pnpm/jest-circus@29.7.0/node_modules/jest-circus/build/run.js:126:9)\n    at _runTestsForDescribeBlock (/app/node_modules/.pnpm/jest-circus@29.7.0/node_modules/jest-circus/build/run.js:121:9)\n    at _runTestsForDescribeBlock (/app/node_modules/.pnpm/jest-circus@29.7.0/node_modules/jest-circus/build/run.js:121:9)\n    at run (/app/node_modules/.pnpm/jest-circus@29.7.0/node_modules/jest-circus/build/run.js:71:3)\n    at runAndTransformResultsToJestFormat (/app/node_modules/.pnpm/jest-circus@29.7.0/node_modules/jest-circus/build/legacy-code-todo-rewrite/jestAdapterInit.js:122:21)\n    at jestAdapter (/app/node_modules/.pnpm/jest-circus@29.7.0/node_modules/jest-circus/build/legacy-code-todo-rewrite/jestAdapter.js:79:19)\n    at runTestInternal (/app/node_modules/.pnpm/jest-runner@29.7.0/node_modules/jest-runner/build/runTest.js:367:16)\n    at runTest (/app/node_modules/.pnpm/jest-runner@29.7.0/node_modules/jest-runner/build/runTest.js:444:34)\n    at Object.worker (/app/node_modules/.pnpm/jest-runner@29.7.0/node_modules/jest-runner/build/testWorker.js:106:12)"],"fullName":"Undo/Redo History Functionality State Restoration should handle empty object arrays","invocations":1,"location":null,"numPassingAsserts":0,"retryReasons":[],"status":"failed","title":"should handle empty object arrays"},{"ancestorTitles":["Undo/Redo History Functionality","Complex Workflow Scenarios"],"duration":8,"failureDetails":[{}],"failureMessages":["TypeError: mesh.scale.copy is not a function\n    at copy (/app/tests/UndoRedo.test.js:242:32)\n    at Array.forEach (<anonymous>)\n    at TestApp.forEach [as restoreState] (/app/tests/UndoRedo.test.js:216:31)\n    at TestApp.restoreState [as undo] (/app/tests/UndoRedo.test.js:191:26)\n    at Object.undo (/app/tests/UndoRedo.test.js:489:17)\n    at Promise.then.completed (/app/node_modules/.pnpm/jest-circus@29.7.0/node_modules/jest-circus/build/utils.js:298:28)\n    at new Promise (<anonymous>)\n    at callAsyncCircusFn (/app/node_modules/.pnpm/jest-circus@29.7.0/node_modules/jest-circus/build/utils.js:231:10)\n    at _callCircusTest (/app/node_modules/.pnpm/jest-circus@29.7.0/node_modules/jest-circus/build/run.js:316:40)\n    at processTicksAndRejections (node:internal/process/task_queues:105:5)\n    at _runTest (/app/node_modules/.pnpm/jest-circus@29.7.0/node_modules/jest-circus/build/run.js:252:3)\n    at _runTestsForDescribeBlock (/app/node_modules/.pnpm/jest-circus@29.7.0/node_modules/jest-circus/build/run.js:126:9)\n    at _runTestsForDescribeBlock (/app/node_modules/.pnpm/jest-circus@29.7.0/node_modules/jest-circus/build/run.js:121:9)\n    at _runTestsForDescribeBlock (/app/node_modules/.pnpm/jest-circus@29.7.0/node_modules/jest-circus/build/run.js:121:9)\n    at run (/app/node_modules/.pnpm/jest-circus@29.7.0/node_modules/jest-circus/build/run.js:71:3)\n    at runAndTransformResultsToJestFormat (/app/node_modules/.pnpm/jest-circus@29.7.0/node_modules/jest-circus/build/legacy-code-todo-rewrite/jestAdapterInit.js:122:21)\n    at jestAdapter (/app/node_modules/.pnpm/jest-circus@29.7.0/node_modules/jest-circus/build/legacy-code-todo-rewrite/jestAdapter.js:79:19)\n    at runTestInternal (/app/node_modules/.pnpm/jest-runner@29.7.0/node_modules/jest-runner/build/runTest.js:367:16)\n    at runTest (/app/node_modules/.pnpm/jest-runner@29.7.0/node_modules/jest-runner/build/runTest.js:444:34)\n    at Object.worker (/app/node_modules/.pnpm/jest-runner@29.7.0/node_modules/jest-runner/build/testWorker.js:106:12)"],"fullName":"Undo/Redo History Functionality Complex Workflow Scenarios should handle add, delete, undo, redo workflow","invocations":1,"location":null,"numPassingAsserts":2,"retryReasons":[],"status":"failed","title":"should handle add, delete, undo, redo workflow"},{"ancestorTitles":["Undo/Redo History Functionality","Complex Workflow Scenarios"],"duration":8,"failureDetails":[{}],"failureMessages":["TypeError: mesh.scale.copy is not a function\n    at copy (/app/tests/UndoRedo.test.js:242:32)\n    at Array.forEach (<anonymous>)\n    at TestApp.forEach [as restoreState] (/app/tests/UndoRedo.test.js:216:31)\n    at TestApp.restoreState [as undo] (/app/tests/UndoRedo.test.js:191:26)\n    at Object.undo (/app/tests/UndoRedo.test.js:506:17)\n    at Promise.then.completed (/app/node_modules/.pnpm/jest-circus@29.7.0/node_modules/jest-circus/build/utils.js:298:28)\n    at new Promise (<anonymous>)\n    at callAsyncCircusFn (/app/node_modules/.pnpm/jest-circus@29.7.0/node_modules/jest-circus/build/utils.js:231:10)\n    at _callCircusTest (/app/node_modules/.pnpm/jest-circus@29.7.0/node_modules/jest-circus/build/run.js:316:40)\n    at processTicksAndRejections (node:internal/process/task_queues:105:5)\n    at _runTest (/app/node_modules/.pnpm/jest-circus@29.7.0/node_modules/jest-circus/build/run.js:252:3)\n    at _runTestsForDescribeBlock (/app/node_modules/.pnpm/jest-circus@29.7.0/node_modules/jest-circus/build/run.js:126:9)\n    at _runTestsForDescribeBlock (/app/node_modules/.pnpm/jest-circus@29.7.0/node_modules/jest-circus/build/run.js:121:9)\n    at _runTestsForDescribeBlock (/app/node_modules/.pnpm/jest-circus@29.7.0/node_modules/jest-circus/build/run.js:121:9)\n    at run (/app/node_modules/.pnpm/jest-circus@29.7.0/node_modules/jest-circus/build/run.js:71:3)\n    at runAndTransformResultsToJestFormat (/app/node_modules/.pnpm/jest-circus@29.7.0/node_modules/jest-circus/build/legacy-code-todo-rewrite/jestAdapterInit.js:122:21)\n    at jestAdapter (/app/node_modules/.pnpm/jest-circus@29.7.0/node_modules/jest-circus/build/legacy-code-todo-rewrite/jestAdapter.js:79:19)\n    at runTestInternal (/app/node_modules/.pnpm/jest-runner@29.7.0/node_modules/jest-runner/build/runTest.js:367:16)\n    at runTest (/app/node_modules/.pnpm/jest-runner@29.7.0/node_modules/jest-runner/build/runTest.js:444:34)\n    at Object.worker (/app/node_modules/.pnpm/jest-runner@29.7.0/node_modules/jest-runner/build/testWorker.js:106:12)"],"fullName":"Undo/Redo History Functionality Complex Workflow Scenarios should maintain correct history index during complex operations","invocations":1,"location":null,"numPassingAsserts":2,"retryReasons":[],"status":"failed","title":"should maintain correct history index during complex operations"}],"endTime":1770078051123,"message":"  ● Undo/Redo History Functionality › History State Management › should save state with correct data structure\n\n    expect(received).toBe(expected) // Object.is equality\n\n    Expected: 3\n    Received: 2\n\n      305 |             const obj = app.addTestObject('StateTest');\n      306 |             \n    > 307 |             expect(app.history.length).toBe(3); // Initial + add object + selection\n          |                                        ^\n      308 |             const lastState = app.history[app.history.length - 1];\n      309 |             \n      310 |             expect(lastState).toHaveProperty('description');\n\n      at Object.toBe (tests/UndoRedo.test.js:307:40)\n\n  ● Undo/Redo History Functionality › History State Management › should remove future states when new action is performed\n\n    TypeError: mesh.scale.copy is not a function\n\n      240 |                     mesh.position.copy(objData.position);\n      241 |                     mesh.rotation.copy(objData.rotation);\n    > 242 |                     mesh.scale.copy(objData.scale);\n          |                                ^\n      243 |                     mesh.visible = objData.visible;\n      244 |                     mesh.uuid = objData.uuid;\n      245 |                     mesh.userData.geometryParams = objData.geometryParams;\n\n      at copy (tests/UndoRedo.test.js:242:32)\n          at Array.forEach (<anonymous>)\n      at TestApp.forEach [as restoreState] (tests/UndoRedo.test.js:216:31)\n      at TestApp.restoreState [as undo] (tests/UndoRedo.test.js:191:26)\n      at Object.undo (tests/UndoRedo.test.js:336:17)\n\n  ● Undo/Redo History Functionality › Undo Functionality › should restore object selection state\n\n    TypeError: mesh.scale.copy is not a function\n\n      240 |                     mesh.position.copy(objData.position);\n      241 |                     mesh.rotation.copy(objData.rotation);\n    > 242 |                     mesh.scale.copy(objData.scale);\n          |                                ^\n      243 |                     mesh.visible = objData.visible;\n      244 |                     mesh.uuid = objData.uuid;\n      245 |                     mesh.userData.geometryParams = objData.geometryParams;\n\n      at copy (tests/UndoRedo.test.js:242:32)\n          at Array.forEach (<anonymous>)\n      at TestApp.forEach [as restoreState] (tests/UndoRedo.test.js:216:31)\n      at TestApp.restoreState [as undo] (tests/UndoRedo.test.js:191:26)\n      at Object.undo (tests/UndoRedo.test.js:376:17)\n\n  ● Undo/Redo History Functionality › Redo Functionality › should redo to next state\n\n    TypeError: mesh.scale.copy is not a function\n\n      240 |                     mesh.position.copy(objData.position);\n      241 |                     mesh.rotation.copy(objData.rotation);\n    > 242 |                     mesh.scale.copy(objData.scale);\n          |                                ^\n      243 |                     mesh.visible = objData.visible;\n      244 |                     mesh.uuid = objData.uuid;\n      245 |                     mesh.userData.geometryParams = objData.geometryParams;\n\n      at copy (tests/UndoRedo.test.js:242:32)\n          at Array.forEach (<anonymous>)\n      at TestApp.forEach [as restoreState] (tests/UndoRedo.test.js:216:31)\n      at TestApp.restoreState [as redo] (tests/UndoRedo.test.js:200:26)\n      at Object.redo (tests/UndoRedo.test.js:400:36)\n\n  ● Undo/Redo History Functionality › Redo Functionality › should restore correct state after multiple undo/redo operations\n\n    TypeError: mesh.scale.copy is not a function\n\n      240 |                     mesh.position.copy(objData.position);\n      241 |                     mesh.rotation.copy(objData.rotation);\n    > 242 |                     mesh.scale.copy(objData.scale);\n          |                                ^\n      243 |                     mesh.visible = objData.visible;\n      244 |                     mesh.uuid = objData.uuid;\n      245 |                     mesh.userData.geometryParams = objData.geometryParams;\n\n      at copy (tests/UndoRedo.test.js:242:32)\n          at Array.forEach (<anonymous>)\n      at TestApp.forEach [as restoreState] (tests/UndoRedo.test.js:216:31)\n      at TestApp.restoreState [as undo] (tests/UndoRedo.test.js:191:26)\n      at Object.undo (tests/UndoRedo.test.js:422:17)\n\n  ● Undo/Redo History Functionality › State Restoration › should restore object properties correctly\n\n    TypeError: mesh.scale.copy is not a function\n\n      240 |                     mesh.position.copy(objData.position);\n      241 |                     mesh.rotation.copy(objData.rotation);\n    > 242 |                     mesh.scale.copy(objData.scale);\n          |                                ^\n      243 |                     mesh.visible = objData.visible;\n      244 |                     mesh.uuid = objData.uuid;\n      245 |                     mesh.userData.geometryParams = objData.geometryParams;\n\n      at copy (tests/UndoRedo.test.js:242:32)\n          at Array.forEach (<anonymous>)\n      at TestApp.forEach [as restoreState] (tests/UndoRedo.test.js:216:31)\n      at TestApp.restoreState [as undo] (tests/UndoRedo.test.js:191:26)\n      at Object.undo (tests/UndoRedo.test.js:443:17)\n\n  ● Undo/Redo History Functionality › State Restoration › should handle objects with different geometry types\n\n    TypeError: mesh.scale.copy is not a function\n\n      240 |                     mesh.position.copy(objData.position);\n      241 |                     mesh.rotation.copy(objData.rotation);\n    > 242 |                     mesh.scale.copy(objData.scale);\n          |                                ^\n      243 |                     mesh.visible = objData.visible;\n      244 |                     mesh.uuid = objData.uuid;\n      245 |                     mesh.userData.geometryParams = objData.geometryParams;\n\n      at copy (tests/UndoRedo.test.js:242:32)\n          at Array.forEach (<anonymous>)\n      at TestApp.forEach [as restoreState] (tests/UndoRedo.test.js:216:31)\n      at TestApp.restoreState [as undo] (tests/UndoRedo.test.js:191:26)\n      at Object.undo (tests/UndoRedo.test.js:458:17)\n\n  ● Undo/Redo History Functionality › State Restoration › should handle empty object arrays\n\n    expect(received).not.toThrow()\n\n    Error name:    \"TypeError\"\n    Error message: \"mesh.scale.copy is not a function\"\n\n          240 |                     mesh.position.copy(objData.position);\n          241 |                     mesh.rotation.copy(objData.rotation);\n        > 242 |                     mesh.scale.copy(objData.scale);\n              |                                ^\n          243 |                     mesh.visible = objData.visible;\n          244 |                     mesh.uuid = objData.uuid;\n          245 |                     mesh.userData.geometryParams = objData.geometryParams;\n\n      at copy (tests/UndoRedo.test.js:242:32)\n                at Array.forEach (<anonymous>)\n      at TestApp.forEach [as restoreState] (tests/UndoRedo.test.js:216:31)\n      at TestApp.restoreState [as undo] (tests/UndoRedo.test.js:191:26)\n      at undo (tests/UndoRedo.test.js:473:21)\n      at Object.<anonymous> (node_modules/.pnpm/expect@29.7.0/node_modules/expect/build/toThrowMatchers.js:74:11)\n      at Object.throwingMatcher [as toThrow] (node_modules/.pnpm/expect@29.7.0/node_modules/expect/build/index.js:320:21)\n      at Object.toThrow (tests/UndoRedo.test.js:474:20)\n      at Object.toThrow (tests/UndoRedo.test.js:474:20)\n\n  ● Undo/Redo History Functionality › Complex Workflow S
[...]
modules/.pnpm/jest-circus@29.7.0/node_modules/jest-circus/build/run.js:71:3)\n    at runAndTransformResultsToJestFormat (/app/node_modules/.pnpm/jest-circus@29.7.0/node_modules/jest-circus/build/legacy-code-todo-rewrite/jestAdapterInit.js:122:21)\n    at jestAdapter (/app/node_modules/.pnpm/jest-circus@29.7.0/node_modules/jest-circus/build/legacy-code-todo-rewrite/jestAdapter.js:79:19)\n    at runTestInternal (/app/node_modules/.pnpm/jest-runner@29.7.0/node_modules/jest-runner/build/runTest.js:367:16)\n    at runTest (/app/node_modules/.pnpm/jest-runner@29.7.0/node_modules/jest-runner/build/runTest.js:444:34)\n    at Object.worker (/app/node_modules/.pnpm/jest-runner@29.7.0/node_modules/jest-runner/build/testWorker.js:106:12)"],"fullName":"SceneGraph should display all mesh and light objects from the scene in the UI","invocations":1,"location":null,"numPassingAsserts":0,"retryReasons":[],"status":"failed","title":"should display all mesh and light objects from the scene in the UI"},{"ancestorTitles":["SceneGraph"],"duration":1,"failureDetails":[{}],"failureMessages":["TypeError: this.eventBus.subscribe is not a function\n    at new subscribe (/app/src/frontend/SceneGraph.js:8:23)\n    at Object.<anonymous> (/app/tests/SceneGraph.test.js:52:22)\n    at Promise.then.completed (/app/node_modules/.pnpm/jest-circus@29.7.0/node_modules/jest-circus/build/utils.js:298:28)\n    at new Promise (<anonymous>)\n    at callAsyncCircusFn (/app/node_modules/.pnpm/jest-circus@29.7.0/node_modules/jest-circus/build/utils.js:231:10)\n    at _callCircusHook (/app/node_modules/.pnpm/jest-circus@29.7.0/node_modules/jest-circus/build/run.js:281:40)\n    at processTicksAndRejections (node:internal/process/task_queues:105:5)\n    at _runTest (/app/node_modules/.pnpm/jest-circus@29.7.0/node_modules/jest-circus/build/run.js:246:5)\n    at _runTestsForDescribeBlock (/app/node_modules/.pnpm/jest-circus@29.7.0/node_modules/jest-circus/build/run.js:126:9)\n    at _runTestsForDescribeBlock (/app/node_modules/.pnpm/jest-circus@29.7.0/node_modules/jest-circus/build/run.js:121:9)\n    at run (/app/node_modules/.pnpm/jest-circus@29.7.0/node_modules/jest-circus/build/run.js:71:3)\n    at runAndTransformResultsToJestFormat (/app/node_modules/.pnpm/jest-circus@29.7.0/node_modules/jest-circus/build/legacy-code-todo-rewrite/jestAdapterInit.js:122:21)\n    at jestAdapter (/app/node_modules/.pnpm/jest-circus@29.7.0/node_modules/jest-circus/build/legacy-code-todo-rewrite/jestAdapter.js:79:19)\n    at runTestInternal (/app/node_modules/.pnpm/jest-runner@29.7.0/node_modules/jest-runner/build/runTest.js:367:16)\n    at runTest (/app/node_modules/.pnpm/jest-runner@29.7.0/node_modules/jest-runner/build/runTest.js:444:34)\n    at Object.worker (/app/node_modules/.pnpm/jest-runner@29.7.0/node_modules/jest-runner/build/testWorker.js:106:12)"],"fullName":"SceneGraph should not display objects other than meshes and lights","invocations":1,"location":null,"numPassingAsserts":0,"retryReasons":[],"status":"failed","title":"should not display objects other than meshes and lights"},{"ancestorTitles":["SceneGraph"],"duration":0,"failureDetails":[{}],"failureMessages":["TypeError: this.eventBus.subscribe is not a function\n    at new subscribe (/app/src/frontend/SceneGraph.js:8:23)\n    at Object.<anonymous> (/app/tests/SceneGraph.test.js:52:22)\n    at Promise.then.completed (/app/node_modules/.pnpm/jest-circus@29.7.0/node_modules/jest-circus/build/utils.js:298:28)\n    at new Promise (<anonymous>)\n    at callAsyncCircusFn (/app/node_modules/.pnpm/jest-circus@29.7.0/node_modules/jest-circus/build/utils.js:231:10)\n    at _callCircusHook (/app/node_modules/.pnpm/jest-circus@29.7.0/node_modules/jest-circus/build/run.js:281:40)\n    at processTicksAndRejections (node:internal/process/task_queues:105:5)\n    at _runTest (/app/node_modules/.pnpm/jest-circus@29.7.0/node_modules/jest-circus/build/run.js:246:5)\n    at _runTestsForDescribeBlock (/app/node_modules/.pnpm/jest-circus@29.7.0/node_modules/jest-circus/build/run.js:126:9)\n    at _runTestsForDescribeBlock (/app/node_modules/.pnpm/jest-circus@29.7.0/node_modules/jest-circus/build/run.js:121:9)\n    at run (/app/node_modules/.pnpm/jest-circus@29.7.0/node_modules/jest-circus/build/run.js:71:3)\n    at runAndTransformResultsToJestFormat (/app/node_modules/.pnpm/jest-circus@29.7.0/node_modules/jest-circus/build/legacy-code-todo-rewrite/jestAdapterInit.js:122:21)\n    at jestAdapter (/app/node_modules/.pnpm/jest-circus@29.7.0/node_modules/jest-circus/build/legacy-code-todo-rewrite/jestAdapter.js:79:19)\n    at runTestInternal (/app/node_modules/.pnpm/jest-runner@29.7.0/node_modules/jest-runner/build/runTest.js:367:16)\n    at runTest (/app/node_modules/.pnpm/jest-runner@29.7.0/node_modules/jest-runner/build/runTest.js:444:34)\n    at Object.worker (/app/node_modules/.pnpm/jest-runner@29.7.0/node_modules/jest-runner/build/testWorker.js:106:12)"],"fullName":"SceneGraph should correctly rename an object in the scene","invocations":1,"location":null,"numPassingAsserts":0,"retryReasons":[],"status":"failed","title":"should correctly rename an object in the scene"},{"ancestorTitles":["SceneGraph"],"duration":0,"failureDetails":[{}],"failureMessages":["TypeError: this.eventBus.subscribe is not a function\n    at new subscribe (/app/src/frontend/SceneGraph.js:8:23)\n    at Object.<anonymous> (/app/tests/SceneGraph.test.js:52:22)\n    at Promise.then.completed (/app/node_modules/.pnpm/jest-circus@29.7.0/node_modules/jest-circus/build/utils.js:298:28)\n    at new Promise (<anonymous>)\n    at callAsyncCircusFn (/app/node_modules/.pnpm/jest-circus@29.7.0/node_modules/jest-circus/build/utils.js:231:10)\n    at _callCircusHook (/app/node_modules/.pnpm/jest-circus@29.7.0/node_modules/jest-circus/build/run.js:281:40)\n    at processTicksAndRejections (node:internal/process/task_queues:105:5)\n    at _runTest (/app/node_modules/.pnpm/jest-circus@29.7.0/node_modules/jest-circus/build/run.js:246:5)\n    at _runTestsForDescribeBlock (/app/node_modules/.pnpm/jest-circus@29.7.0/node_modules/jest-circus/build/run.js:126:9)\n    at _runTestsForDescribeBlock (/app/node_modules/.pnpm/jest-circus@29.7.0/node_modules/jest-circus/build/run.js:121:9)\n    at run (/app/node_modules/.pnpm/jest-circus@29.7.0/node_modules/jest-circus/build/run.js:71:3)\n    at runAndTransformResultsToJestFormat (/app/node_modules/.pnpm/jest-circus@29.7.0/node_modules/jest-circus/build/legacy-code-todo-rewrite/jestAdapterInit.js:122:21)\n    at jestAdapter (/app/node_modules/.pnpm/jest-circus@29.7.0/node_modules/jest-circus/build/legacy-code-todo-rewrite/jestAdapter.js:79:19)\n    at runTestInternal (/app/node_modules/.pnpm/jest-runner@29.7.0/node_modules/jest-runner/build/runTest.js:367:16)\n    at runTest (/app/node_modules/.pnpm/jest-runner@29.7.0/node_modules/jest-runner/build/runTest.js:444:34)\n    at Object.worker (/app/node_modules/.pnpm/jest-runner@29.7.0/node_modules/jest-runner/build/testWorker.js:106:12)"],"fullName":"SceneGraph should attach the transform controls when an object is clicked in the scene graph","invocations":1,"location":null,"numPassingAsserts":0,"retryReasons":[],"status":"failed","title":"should attach the transform controls when an object is clicked in the scene graph"},{"ancestorTitles":["SceneGraph"],"duration":0,"failureDetails":[{}],"failureMessages":["TypeError: this.eventBus.subscribe is not a function\n    at new subscribe (/app/src/frontend/SceneGraph.js:8:23)\n    at Object.<anonymous> (/app/tests/SceneGraph.test.js:52:22)\n    at Promise.then.completed (/app/node_modules/.pnpm/jest-circus@29.7.0/node_modules/jest-circus/build/utils.js:298:28)\n    at new Promise (<anonymous>)\n    at callAsyncCircusFn (/app/node_modules/.pnpm/jest-circus@29.7.0/node_modules/jest-circus/build/utils.js:231:10)\n    at _callCircusHook (/app/node_modules/.pnpm/jest-circus@29.7.0/node_modules/jest-circus/build/run.js:281:40)\n    at processTicksAndRejections (node:internal/process/task_queues:105:5)\n    at _runTest (/app/node_modules/.pnpm/jest-circus@29.7.0/node_modules/jest-circus/build/run.js:246:5)\n    at _runTestsForDescribeBlock (/app/node_modules/.pnpm/jest-circus@29.7.0/node_modules/jest-circus/build/run.js:126:9)\n    at _runTestsForDescribeBlock (/app/node_modules/.pnpm/jest-circus@29.7.0/node_modules/jest-circus/build/run.js:121:9)\n    at run (/app/node_modules/.pnpm/jest-circus@29.7.0/node_modules/jest-circus/build/run.js:71:3)\n    at runAndTransformResultsToJestFormat (/app/node_modules/.pnpm/jest-circus@29.7.0/node_modules/jest-circus/build/legacy-code-todo-rewrite/jestAdapterInit.js:122:21)\n    at jestAdapter (/app/node_modules/.pnpm/jest-circus@29.7.0/node_modules/jest-circus/build/legacy-code-todo-rewrite/jestAdapter.js:79:19)\n    at runTestInternal (/app/node_modules/.pnpm/jest-runner@29.7.0/node_modules/jest-runner/build/runTest.js:367:16)\n    at runTest (/app/node_modules/.pnpm/jest-runner@29.7.0/node_modules/jest-runner/build/runTest.js:444:34)\n    at Object.worker (/app/node_modules/.pnpm/jest-runner@29.7.0/node_modules/jest-runner/build/testWorker.js:106:12)"],"fullName":"SceneGraph should delete an object from the scene when the delete button is clicked","invocations":1,"location":null,"numPassingAsserts":0,"retryReasons":[],"status":"failed","title":"should delete an object from the scene when the delete button is clicked"}],"endTime":1770078053734,"message":"  ● SceneGraph › should display all mesh and light objects from the scene in the UI\n\n    TypeError: this.eventBus.subscribe is not a function\n\n       6 |         this.eventBus = eventBus;\n       7 |         \n    >  8 |         this.eventBus.subscribe(Events.OBJECT_ADDED, () => this.update());\n         |                       ^\n       9 |         this.eventBus.subscribe(Events.OBJECT_REMOVED, () => this.update());\n      10 |         this.eventBus.subscribe(Events.GROUP_ADDED, () => this.update());\n      11 |         this.eventBus.subscribe(Events.GROUP_REMOVED, () => this.update());\n\n      at new subscribe (src/frontend/SceneGraph.js:8:23)\n      at Object.<anonymous> (tests/SceneGraph.test.js:52:22)\n\n  ● SceneGraph › should not display objects other than meshes and lights\n\n    TypeError: this.eventBus.subscribe is not a function\n\n       6 |         this.eventBus = eventBus;\n       7 |         \n    >  8 |         this.eventBus.subscribe(Events.OBJECT_ADDED, () => this.update());\n         |                       ^\n       9 |         this.eventBus.subscribe(Events.OBJECT_REMOVED, () => this.update());\n      10 |         this.eventBus.subscribe(Events.GROUP_ADDED, () => this.update());\n      11 |         this.eventBus.subscribe(Events.GROUP_REMOVED, () => this.update());\n\n      at new subscribe (src/frontend/SceneGraph.js:8:23)\n      at Object.<anonymous> (tests/SceneGraph.test.js:52:22)\n\n  ● SceneGraph › should correctly rename an object in the scene\n\n    TypeError: this.eventBus.subscribe is not a function\n\n       6 |         this.eventBus = eventBus;\n       7 |         \n    >  8 |         this.eventBus.subscribe(Events.OBJECT_ADDED, () => this.update());\n         |                       ^\n       9 |         this.eventBus.subscribe(Events.OBJECT_REMOVED, () => this.update());\n      10 |         this.eventBus.subscribe(Events.GROUP_ADDED, () => this.update());\n      11 |         this.eventBus.subscribe(Events.GROUP_REMOVED, () => this.update());\n\n      at new subscribe (src/frontend/SceneGraph.js:8:23)\n      at Object.<anonymous> (tests/SceneGraph.test.js:52:22)\n\n  ● SceneGraph › should attach the transform controls when an object is clicked in the scene graph\n\n    TypeError: this.eventBus.subscribe is not a function\n\n       6 |         this.eventBus = eventBus;\n       7 |         \n    >  8 |         this.eventBus.subscribe(Events.OBJECT_ADDED, () => this.update());\n         |                       ^\n       9 |         this.eventBus.subscribe(Events.OBJECT_REMOVED, () => this.update());\n      10 |         this.eventBus.subscribe(Events.GROUP_ADDED, () => this.update());\n      11 |         this.eventBus.subscribe(Events.GROUP_REMOVED, () => this.update());\n\n      at new subscribe (src/frontend/SceneGraph.js:8:23)\n      at Object.<anonymous> (tests/SceneGraph.test.js:52:22)\n\n  ● SceneGraph › should delete an object from the scene when the delete button is clicked\n\n    TypeError: this.eventBus.subscribe is not a function\n\n       6 |         this.eventBus = eventBus;\n       7 |         \n    >  8 |         this.eventBus.subscribe(Events.OBJECT_ADDED, () => this.update());\n         |                       ^\n       9 |         this.eventBus.subscribe(Events.OBJECT_REMOVED, () => this.update());\n      10 |         this.eventBus.subscribe(Events.GROUP_ADDED, () => this.update());\n      11 |         this.eventBus.subscribe(Events.GROUP_REMOVED, () => this.update());\n\n      at new subscribe (src/frontend/SceneGraph.js:8:23)\n      at Object.<anonymous> (tests/SceneGraph.test.js:52:22)\n","name":"/app/tests/SceneGraph.test.js","startTime":1770078053411,"status":"failed","summary":""},{"assertionResults":[{"ancestorTitles":["SceneManager"],"duration":3,"failureDetails":[],"failureMessages":[],"fullName":"SceneManager should update the renderer size and camera aspect ratio on window resize","invocations":1,"location":null,"numPassingAsserts":2,"retryReasons":[],"status":"passed","title":"should update the renderer size and camera aspect ratio on window resize"},{"ancestorTitles":["SceneManager"],"duration":1,"failureDetails":[],"failureMessages":[],"fullName":"SceneManager should restore the camera's initial position and target","invocations":1,"location":null,"numPassingAsserts":3,"retryReasons":[],"status":"passed","title":"should restore the camera's initial position and target"},{"ancestorTitles":["SceneManager"],"duration":1,"failureDetails":[],"failureMessages":[],"fullName":"SceneManager OrbitControls `damping` should be enabled","invocations":1,"location":null,"numPassingAsserts":1,"retryReasons":[],"status":"passed","title":"OrbitControls `damping` should be enabled"},{"ancestorTitles":["SceneManager"],"duration":1,"failureDetails":[],"failureMessages":[],"fullName":"SceneManager The scene should contain a GridHelper and an AxesHelper on initialization","invocations":1,"location":null,"numPassingAsserts":2,"retryReasons":[],"status":"passed","title":"The scene should contain a GridHelper and an AxesHelper on initialization"},{"ancestorTitles":["SceneManager"],"duration":1,"failureDetails":[],"failureMessages":[],"fullName":"SceneManager The renderer's DOM element should be the same as the canvas provided in the constructor","invocations":1,"location":null,"numPassingAsserts":1,"retryReasons":[],"status":"passed","title":"The renderer's DOM element should be the same as the canvas provided in the constructor"}],"endTime":1770078053959,"message":"","name":"/app/tests/SceneManager.test.js","startTime":1770078053655,"status":"passed","summary":""},{"assertionResults":[{"ancestorTitles":["StateManager"],"duration":1,"failureDetails":[],"failureMessages":[],"fullName":"StateManager initial state is correct","invocations":1,"location":null,"numPassingAsserts":1,"retryReasons":[],"status":"passed","title":"initial state is correct"},{"ancestorTitles":["StateManager"],"duration":0,"failureDetails":[],"failureMessages":[],"fullName":"StateManager getState returns a frozen object","invocations":1,"location":null,"numPassingAsserts":2,"retryReasons":[],"status":"passed","title":"getState returns a frozen object"},{"ancestorTitles":["StateManager"],"duration":1,"failureDetails":[],"failureMessages":[],"fullName":"StateManager setState updates state correctly","invocations":1,"location":null,"numPassingAsserts":3,"retryReasons":[],"status":"passed","title":"setState updates state correctly"},{"ancestorTitles":["StateManager"],"duration":1,"failureDetails":[],"failureMessages":[],"fullName":"StateManager subscribe fires callback on change","invocations":1,"location":null,"numPassingAsserts":2,"retryReasons":[],"status":"passed","title":"subscribe fires callback on change"},{"ancestorTitles":["StateManager"],"duration":1,"failureDetails":[],"failureMessages":[],"fullName":"StateManager subscribe does not fire if value is unchanged","invocations":1,"location":null,"numPassingAsserts":1,"retryReasons":[],"status":"passed","title":"subscribe does not fire if value is unchanged"},{"ancestorTitles":["StateManager"],"duration":0,"failureDetails":[],"failureMessages":[],"fullName":"StateManager subscribe does not fire for irrelevant keys","invocations":1,"location":null,"numPassingAsserts":1,"retryReasons":[],"status":"passed","title":"subscribe does not fire for irrelevant keys"},{"ancestorTitles":["StateManager"],"duration":1,"failureDetails":[],"failureMessages":[],"fullName":"StateManager multiple updates fire multiple callbacks","invocations":1,"location":null,"numPassingAsserts":4,"retryReasons":[],"status":"passed","title":"multiple updates fire multiple callbacks"},{"ancestorTitles":["StateManager"],"duration":1,"failureDetails":[],"failureMessages":[],"fullName":"StateManager unsubscribe works","invocations":1,"location":null,"numPassingAsserts":2,"retryReasons":[],"status":"passed","title":"unsubscribe works"}],"endTime":1770078054041,"message":"","name":"/app/src/tests/StateManager.test.js","startTime":1770078053748,"status":"passed","summary":""},{"assertionResults":[{"ancestorTitles":["EventBus"],"duration":1,"failureDetails":[],"failureMessages":[],"fullName":"EventBus should subscribe to an event","invocations":1,"location":null,"numPassingAsserts":1,"retryReasons":[],"status":"passed","title":"should subscribe to an event"},{"ancestorTitles":["EventBus"],"duration":0,"failureDetails":[],"failureMessages":[],"fullName":"EventBus should unsubscribe from an event","invocations":1,"location":null,"numPassingAsserts":1,"retryReasons":[],"status":"passed","title":"should unsubscribe from an event"},{"ancestorTitles":["EventBus"],"duration":1,"failureDetails":[],"failureMessages":[],"fullName":"EventBus should publish an event to multiple subscribers","invocations":1,"location":null,"numPassingAsserts":2,"retryReasons":[],"status":"passed","title":"should publish an event to multiple subscribers"},{"ancestorTitles":["EventBus"],"duration":0,"failureDetails":[],"failureMessages":[],"fullName":"EventBus should not fail when publishing an event with no subscribers","invocations":1,"location":null,"numPassingAsserts":1,"retryReasons":[],"status":"passed","title":"should not fail when publishing an event with no subscribers"},{"ancestorTitles":["EventBus"],"duration":1,"failureDetails":[],"failureMessages":[],"fullName":"EventBus should not fail when unsubscribing from an event that does not exist","invocations":1,"location":null,"numPassingAsserts":1,"retryReasons":[],"status":"passed","title":"should not fail when unsubscribing from an event that does not exist"}],"endTime":1770078054264,"message":"","name":"/app/tests/EventBus.test.js","startTime":1770078053975,"status":"passed","summary":""},{"assertionResults":[{"ancestorTitles":["GET /"],"duration":36,"failureDetails":[],"failureMessages":[],"fullName":"GET / responds with 200","invocations":1,"location":null,"numPassingAsserts":0,"retryReasons":[],"status":"passed","title":"responds with 200"}],"endTime":1770078054567,"message":"","name":"/app/tests/backend.test.js","startTime":1770078054059,"status":"passed","summary":""},{"assertionResults":[],"coverage":{},"endTime":1770078060115,"message":"  ● Test suite failed to run\n\n    Jest worker encountered 4 child process exceptions, exceeding retry limit\n\n      at ChildProcessWorker.initialize (node_modules/.pnpm/jest-worker@29.7.0/node_modules/jest-worker/build/workers/ChildProcessWorker.js:181:21)\n","name":"/app/tests/Pointer.test.js","startTime":1770078060115,"status":"failed","summary":""}],"wasInterrupted":false}
